
RAxML-NG v. 1.2.0 released on 09.05.2023 by The Exelixis Lab.
Developed by: Alexey M. Kozlov and Alexandros Stamatakis.
Contributors: Diego Darriba, Tomas Flouri, Benoit Morel, Sarah Lutteropp, Ben Bettisworth, Julia Haag, Anastasis Togkousidis.
Latest version: https://github.com/amkozlov/raxml-ng
Questions/problems/suggestions? Please visit: https://groups.google.com/forum/#!forum/raxml

System: Intel(R) Xeon(R) Gold 5220R CPU @ 2.20GHz, 24 cores, 250 GB RAM

RAxML-NG was called at 12-Jun-2023 10:34:03 as follows:

raxml-ng --msa RaT13G_allclades_n220.fasta --model GTR+I+G4 --all --bs-trees autoMRE{2000} --tree rand{100},pars{100} --outgroup MN996532.2 --threads 40

Analysis options:
  run mode: ML tree search + bootstrapping (Felsenstein Bootstrap)
  start tree(s): random (100) + parsimony (100)
  bootstrap replicates: parsimony (max: 2000) + bootstopping (autoMRE, cutoff: 0.030000)
  outgroup taxa: MN996532.2
  random seed: 1686562443
  tip-inner: OFF
  pattern compression: ON
  per-rate scalers: OFF
  site repeats: ON
  logLH epsilon: general: 10.000000, brlen-triplet: 1000.000000
  fast spr radius: AUTO
  spr subtree cutoff: 1.000000
  fast CLV updates: ON
  branch lengths: proportional (ML estimate, algorithm: NR-FAST)
  SIMD kernels: AVX2
  parallelization: coarse-grained (auto), PTHREADS (40 threads), thread pinning: OFF

[00:00:00] Reading alignment from file: RaT13G_allclades_n220.fasta
[00:00:00] Loaded alignment with 222 taxa and 29891 sites

Alignment comprises 1 partitions and 1753 patterns

Partition 0: noname
Model: GTR+FO+I+G4m
Alignment sites / patterns: 29891 / 1753
Gaps: 0.44 %
Invariant sites: 92.31 %


NOTE: Binary MSA file created: RaT13G_allclades_n220.fasta.raxml.rba

Parallelization scheme autoconfig: 40 worker(s) x 1 thread(s)

[00:00:00] Generating 100 random starting tree(s) with 222 taxa
[00:00:00] Generating 100 parsimony starting tree(s) with 222 taxa
Parallel parsimony with 40 threads
Parallel reduction/worker buffer size: 1 KB  / 0 KB

[00:00:00] Data distribution: max. partitions/sites/weight per thread: 1 / 1753 / 28048
[00:00:00] Data distribution: max. searches per worker: 55

Starting ML tree search with 200 distinct starting trees

[00:06:57] [worker #20] ML tree search #21, logLikelihood: -61384.471800
[00:07:08] [worker #26] ML tree search #27, logLikelihood: -61376.671832
[00:07:11] [worker #16] ML tree search #17, logLikelihood: -61378.507062
[00:07:16] [worker #5] ML tree search #6, logLikelihood: -61374.623496
[00:07:22] [worker #13] ML tree search #14, logLikelihood: -61378.815895
[00:07:25] [worker #21] ML tree search #22, logLikelihood: -61383.184175
[00:07:39] [worker #12] ML tree search #13, logLikelihood: -61381.807296
[00:07:39] [worker #6] ML tree search #7, logLikelihood: -61379.783133
[00:07:39] [worker #17] ML tree search #18, logLikelihood: -61384.573607
[00:07:39] [worker #18] ML tree search #19, logLikelihood: -61380.452718
[00:07:39] [worker #9] ML tree search #10, logLikelihood: -61379.283020
[00:07:40] [worker #33] ML tree search #34, logLikelihood: -61378.793966
[00:07:41] [worker #34] ML tree search #35, logLikelihood: -61374.648640
[00:07:45] [worker #28] ML tree search #29, logLikelihood: -61376.651702
[00:07:47] [worker #23] ML tree search #24, logLikelihood: -61378.802888
[00:07:48] [worker #38] ML tree search #39, logLikelihood: -61376.063918
[00:07:51] [worker #25] ML tree search #26, logLikelihood: -61376.693766
[00:07:52] [worker #31] ML tree search #32, logLikelihood: -61374.592438
[00:07:53] [worker #22] ML tree search #23, logLikelihood: -61378.966889
[00:07:54] [worker #10] ML tree search #11, logLikelihood: -61378.799537
[00:07:55] [worker #2] ML tree search #3, logLikelihood: -61376.033208
[00:07:55] [worker #29] ML tree search #30, logLikelihood: -61379.291462
[00:07:56] [worker #14] ML tree search #15, logLikelihood: -61376.663749
[00:07:58] [worker #11] ML tree search #12, logLikelihood: -61381.741810
[00:08:09] [worker #0] ML tree search #1, logLikelihood: -61378.848389
[00:08:10] [worker #30] ML tree search #31, logLikelihood: -61382.872471
[00:08:10] [worker #3] ML tree search #4, logLikelihood: -61380.485316
[00:08:15] [worker #8] ML tree search #9, logLikelihood: -61383.259945
[00:08:18] [worker #19] ML tree search #20, logLikelihood: -61384.252085
[00:08:18] [worker #15] ML tree search #16, logLikelihood: -61376.640821
[00:08:21] [worker #24] ML tree search #25, logLikelihood: -61378.464001
[00:08:23] [worker #37] ML tree search #38, logLikelihood: -61374.600537
[00:08:25] [worker #27] ML tree search #28, logLikelihood: -61378.860085
[00:08:33] [worker #39] ML tree search #40, logLikelihood: -61374.593561
[00:08:34] [worker #35] ML tree search #36, logLikelihood: -61374.546746
[00:08:37] [worker #1] ML tree search #2, logLikelihood: -61379.809625
[00:08:38] [worker #36] ML tree search #37, logLikelihood: -61378.467289
[00:08:41] [worker #7] ML tree search #8, logLikelihood: -61376.824310
[00:08:42] [worker #4] ML tree search #5, logLikelihood: -61382.867081
[00:08:43] [worker #32] ML tree search #33, logLikelihood: -61379.833895
[00:13:45] [worker #18] ML tree search #59, logLikelihood: -61375.889217
[00:13:56] [worker #3] ML tree search #44, logLikelihood: -61378.517542
[00:14:02] [worker #21] ML tree search #62, logLikelihood: -61378.801411
[00:14:06] [worker #26] ML tree search #67, logLikelihood: -61378.480735
[00:14:10] [worker #38] ML tree search #79, logLikelihood: -61380.766388
[00:14:22] [worker #31] ML tree search #72, logLikelihood: -61374.589346
[00:14:22] [worker #28] ML tree search #69, logLikelihood: -61384.496387
[00:14:24] [worker #16] ML tree search #57, logLikelihood: -61383.547101
[00:14:24] [worker #5] ML tree search #46, logLikelihood: -61378.484701
[00:14:37] [worker #20] ML tree search #61, logLikelihood: -61383.659755
[00:14:38] [worker #9] ML tree search #50, logLikelihood: -61381.430643
[00:15:01] [worker #13] ML tree search #54, logLikelihood: -61378.979499
[00:15:04] [worker #12] ML tree search #53, logLikelihood: -61378.482302
[00:15:09] [worker #39] ML tree search #80, logLikelihood: -61378.460251
[00:15:12] [worker #30] ML tree search #71, logLikelihood: -61374.596440
[00:15:13] [worker #11] ML tree search #52, logLikelihood: -61378.794489
[00:15:13] [worker #33] ML tree search #74, logLikelihood: -61376.654140
[00:15:18] [worker #10] ML tree search #51, logLikelihood: -61376.032662
[00:15:25] [worker #19] ML tree search #60, logLikelihood: -61378.527028
[00:15:28] [worker #29] ML tree search #70, logLikelihood: -61378.795663
[00:15:28] [worker #37] ML tree search #78, logLikelihood: -61379.325738
[00:15:39] [worker #0] ML tree search #41, logLikelihood: -61378.446201
[00:15:39] [worker #15] ML tree search #56, logLikelihood: -61374.617480
[00:15:49] [worker #2] ML tree search #43, logLikelihood: -61380.758187
[00:15:51] [worker #17] ML tree search #58, logLikelihood: -61374.559720
[00:15:53] [worker #6] ML tree search #47, logLikelihood: -61379.781220
[00:15:54] [worker #14] ML tree search #55, logLikelihood: -61378.500115
[00:16:03] [worker #22] ML tree search #63, logLikelihood: -61378.811232
[00:16:04] [worker #25] ML tree search #66, logLikelihood: -61376.045363
[00:16:05] [worker #27] ML tree search #68, logLikelihood: -61380.411958
[00:16:06] [worker #35] ML tree search #76, logLikelihood: -61382.910806
[00:16:14] [worker #7] ML tree search #48, logLikelihood: -61378.807824
[00:16:14] [worker #32] ML tree search #73, logLikelihood: -61380.407896
[00:16:19] [worker #23] ML tree search #64, logLikelihood: -61374.576510
[00:16:19] [worker #4] ML tree search #45, logLikelihood: -61382.884170
[00:16:22] [worker #34] ML tree search #75, logLikelihood: -61383.287215
[00:16:36] [worker #1] ML tree search #42, logLikelihood: -61376.654386
[00:16:41] [worker #8] ML tree search #49, logLikelihood: -61378.513436
[00:16:48] [worker #24] ML tree search #65, logLikelihood: -61378.496149
[00:16:53] [worker #36] ML tree search #77, logLikelihood: -61382.319279
[00:17:55] [worker #38] ML tree search #119, logLikelihood: -61376.145252
[00:18:44] [worker #21] ML tree search #102, logLikelihood: -61374.693801
[00:18:51] [worker #26] ML tree search #107, logLikelihood: -61376.762539
[00:18:54] [worker #31] ML tree search #112, logLikelihood: -61380.600645
[00:19:12] [worker #30] ML tree search #111, logLikelihood: -61376.793950
[00:19:37] [worker #37] ML tree search #118, logLikelihood: -61378.589280
[00:19:47] [worker #28] ML tree search #109, logLikelihood: -61378.579356
[00:19:52] [worker #20] ML tree search #101, logLikelihood: -61376.750943
[00:19:58] [worker #25] ML tree search #106, logLikelihood: -61376.748579
[00:20:00] [worker #18] ML tree search #99, logLikelihood: -61380.785264
[00:20:29] [worker #3] ML tree search #84, logLikelihood: -61378.467103
[00:20:36] [worker #35] ML tree search #116, logLikelihood: -61378.589844
[00:20:37] [worker #16] ML tree search #97, logLikelihood: -61388.195151
[00:20:40] [worker #29] ML tree search #110, logLikelihood: -61380.531900
[00:20:41] [worker #33] ML tree search #114, logLikelihood: -61378.583635
[00:20:52] [worker #22] ML tree search #103, logLikelihood: -61376.128099
[00:21:07] [worker #34] ML tree search #115, logLikelihood: -61379.914602
[00:21:09] [worker #36] ML tree search #117, logLikelihood: -61378.567731
[00:21:10] [worker #23] ML tree search #104, logLikelihood: -61376.146916
[00:21:11] [worker #9] ML tree search #90, logLikelihood: -61379.832141
[00:21:12] [worker #5] ML tree search #86, logLikelihood: -61389.370107
[00:21:16] [worker #32] ML tree search #113, logLikelihood: -61378.558095
[00:21:17] [worker #39] ML tree search #120, logLikelihood: -61376.790091
[00:21:22] [worker #27] ML tree search #108, logLikelihood: -61374.681091
[00:21:31] [worker #12] ML tree search #93, logLikelihood: -61376.021883
[00:21:32] [worker #24] ML tree search #105, logLikelihood: -61378.593583
[00:21:33] [worker #19] ML tree search #100, logLikelihood: -61379.327617
[00:21:50] [worker #13] ML tree search #94, logLikelihood: -61378.822252
[00:22:16] [worker #10] ML tree search #91, logLikelihood: -61376.669909
[00:22:17] [worker #4] ML tree search #85, logLikelihood: -61382.888013
[00:22:17] [worker #31] ML tree search #152, logLikelihood: -61379.922872
[00:22:21] [worker #15] ML tree search #96, logLikelihood: -61384.575254
[00:22:26] [worker #17] ML tree search #98, logLikelihood: -61378.818298
[00:22:33] [worker #11] ML tree search #92, logLikelihood: -61376.655603
[00:22:35] [worker #2] ML tree search #83, logLikelihood: -61378.842707
[00:22:37] [worker #7] ML tree search #88, logLikelihood: -61378.449172
[00:22:41] [worker #38] ML tree search #159, logLikelihood: -61378.591167
[00:22:42] [worker #21] ML tree search #142, logLikelihood: -61378.619684
[00:22:42] [worker #6] ML tree search #87, logLikelihood: -61383.531612
[00:22:50] [worker #0] ML tree search #81, logLikelihood: -61378.470153
[00:23:01] [worker #26] ML tree search #147, logLikelihood: -61376.144357
[00:23:13] [worker #14] ML tree search #95, logLikelihood: -61378.803683
[00:23:38] [worker #1] ML tree search #82, logLikelihood: -61383.195066
[00:23:45] [worker #30] ML tree search #151, logLikelihood: -61374.673628
[00:23:45] [worker #18] ML tree search #139, logLikelihood: -61380.544148
[00:24:02] [worker #8] ML tree search #89, logLikelihood: -61378.515252
[00:24:13] [worker #25] ML tree search #146, logLikelihood: -61378.616750
[00:24:13] [worker #16] ML tree search #137, logLikelihood: -61378.554762
[00:24:14] [worker #37] ML tree search #158, logLikelihood: -61381.166089
[00:24:15] [worker #28] ML tree search #149, logLikelihood: -61379.942230
[00:24:32] [worker #22] ML tree search #143, logLikelihood: -61376.157041
[00:24:47] [worker #32] ML tree search #153, logLikelihood: -61380.563639
[00:24:50] [worker #9] ML tree search #130, logLikelihood: -61374.669422
[00:24:50] [worker #20] ML tree search #141, logLikelihood: -61379.106372
[00:24:56] [worker #35] ML tree search #156, logLikelihood: -61378.974287
[00:25:04] [worker #36] ML tree search #157, logLikelihood: -61376.178102
[00:25:20] [worker #31] ML tree search #192, logLikelihood: -61376.136630
[00:25:26] [worker #3] ML tree search #124, logLikelihood: -61379.928363
[00:25:26] [worker #29] ML tree search #150, logLikelihood: -61374.701940
[00:25:27] [worker #33] ML tree search #154, logLikelihood: -61378.951009
[00:25:35] [worker #27] ML tree search #148, logLikelihood: -61384.314561
[00:25:44] [worker #39] ML tree search #160, logLikelihood: -61378.565742
[00:25:48] [worker #5] ML tree search #126, logLikelihood: -61380.506885
[00:25:58] [worker #34] ML tree search #155, logLikelihood: -61378.582005
[00:26:09] [worker #23] ML tree search #144, logLikelihood: -61376.745289
[00:26:20] [worker #10] ML tree search #131, logLikelihood: -61374.657193
[00:26:22] [worker #7] ML tree search #128, logLikelihood: -61382.986152
[00:26:22] [worker #12] ML tree search #133, logLikelihood: -61381.371996
[00:26:26] [worker #24] ML tree search #145, logLikelihood: -61374.698200
[00:26:33] [worker #19] ML tree search #140, logLikelihood: -61376.162792
[00:26:35] [worker #6] ML tree search #127, logLikelihood: -61379.857459
[00:26:35] [worker #11] ML tree search #132, logLikelihood: -61374.689788
[00:26:38] [worker #4] ML tree search #125, logLikelihood: -61383.663549
[00:26:48] [worker #26] ML tree search #187, logLikelihood: -61374.677630
[00:26:59] [worker #17] ML tree search #138, logLikelihood: -61378.926340
[00:26:59] [worker #21] ML tree search #182, logLikelihood: -61374.666297
[00:27:14] [worker #14] ML tree search #135, logLikelihood: -61378.647313
[00:27:20] [worker #13] ML tree search #134, logLikelihood: -61380.513364
[00:27:22] [worker #0] ML tree search #121, logLikelihood: -61374.672053
[00:27:23] [worker #2] ML tree search #123, logLikelihood: -61379.939651
[00:27:25] [worker #38] ML tree search #199, logLikelihood: -61374.651650
[00:27:28] [worker #15] ML tree search #136, logLikelihood: -61380.511441
[00:27:43] [worker #1] ML tree search #122, logLikelihood: -61376.744044
[00:28:06] [worker #32] ML tree search #193, logLikelihood: -61379.072635
[00:28:08] [worker #8] ML tree search #129, logLikelihood: -61376.130713
[00:28:33] [worker #20] ML tree search #181, logLikelihood: -61378.595769
[00:28:36] [worker #28] ML tree search #189, logLikelihood: -61374.633381
[00:28:45] [worker #16] ML tree search #177, logLikelihood: -61384.928277
[00:28:45] [worker #25] ML tree search #186, logLikelihood: -61376.139690
[00:28:46] [worker #22] ML tree search #183, logLikelihood: -61376.159787
[00:28:46] [worker #30] ML tree search #191, logLikelihood: -61378.569928
[00:28:58] [worker #18] ML tree search #179, logLikelihood: -61380.873705
[00:29:01] [worker #37] ML tree search #198, logLikelihood: -61384.245794
[00:29:03] [worker #35] ML tree search #196, logLikelihood: -61380.530111
[00:29:07] [worker #3] ML tree search #164, logLikelihood: -61384.373682
[00:29:10] [worker #36] ML tree search #197, logLikelihood: -61379.949231
[00:29:28] [worker #9] ML tree search #170, logLikelihood: -61376.762359
[00:29:39] [worker #39] ML tree search #200, logLikelihood: -61376.775906
[00:29:54] [worker #33] ML tree search #194, logLikelihood: -61374.687717
[00:30:02] [worker #10] ML tree search #171, logLikelihood: -61374.717289
[00:30:16] [worker #6] ML tree search #167, logLikelihood: -61383.330770
[00:30:16] [worker #5] ML tree search #166, logLikelihood: -61376.143413
[00:30:18] [worker #24] ML tree search #185, logLikelihood: -61379.067901
[00:30:21] [worker #27] ML tree search #188, logLikelihood: -61378.588595
[00:30:26] [worker #34] ML tree search #195, logLikelihood: -61374.701783
[00:30:30] [worker #11] ML tree search #172, logLikelihood: -61374.653523
[00:30:35] [worker #12] ML tree search #173, logLikelihood: -61376.760961
[00:30:38] [worker #29] ML tree search #190, logLikelihood: -61374.733980
[00:30:38] [worker #23] ML tree search #184, logLikelihood: -61380.548720
[00:30:42] [worker #14] ML tree search #175, logLikelihood: -61378.928974
[00:30:46] [worker #17] ML tree search #178, logLikelihood: -61378.579734
[00:30:49] [worker #19] ML tree search #180, logLikelihood: -61374.655581
[00:30:51] [worker #7] ML tree search #168, logLikelihood: -61380.507708
[00:31:00] [worker #4] ML tree search #165, logLikelihood: -61378.599607
[00:31:00] [worker #2] ML tree search #163, logLikelihood: -61378.622103
[00:31:21] [worker #13] ML tree search #174, logLikelihood: -61376.173742
[00:31:27] [worker #1] ML tree search #162, logLikelihood: -61379.403200
[00:31:29] [worker #0] ML tree search #161, logLikelihood: -61374.718850
[00:31:35] [worker #8] ML tree search #169, logLikelihood: -61384.919832
[00:31:58] [worker #15] ML tree search #176, logLikelihood: -61379.076607

[00:31:58] ML tree search completed, best tree logLH: -61374.546746

[00:31:58] Starting bootstrapping analysis with 2000 replicates.

[00:34:18] [worker #21] Bootstrap tree #22, logLikelihood: -60821.838712
[00:34:18] [worker #32] Bootstrap tree #33, logLikelihood: -60503.062848
[00:34:22] [worker #7] Bootstrap tree #8, logLikelihood: -61012.561135
[00:34:40] [worker #33] Bootstrap tree #34, logLikelihood: -60685.832488
[00:34:46] [worker #14] Bootstrap tree #15, logLikelihood: -60597.677554
[00:34:48] [worker #34] Bootstrap tree #35, logLikelihood: -61232.052365
[00:34:50] [worker #18] Bootstrap tree #19, logLikelihood: -60943.831991
[00:34:51] [worker #8] Bootstrap tree #9, logLikelihood: -60896.516428
[00:34:51] [worker #19] Bootstrap tree #20, logLikelihood: -61055.532957
[00:34:53] [worker #16] Bootstrap tree #17, logLikelihood: -60902.594199
[00:34:55] [worker #20] Bootstrap tree #21, logLikelihood: -61794.770363
[00:34:55] [worker #22] Bootstrap tree #23, logLikelihood: -60891.819869
[00:34:57] [worker #25] Bootstrap tree #26, logLikelihood: -61296.469114
[00:34:59] [worker #24] Bootstrap tree #25, logLikelihood: -60114.467532
[00:35:00] [worker #4] Bootstrap tree #5, logLikelihood: -61271.609379
[00:35:00] [worker #36] Bootstrap tree #37, logLikelihood: -60780.990730
[00:35:05] [worker #17] Bootstrap tree #18, logLikelihood: -61494.525390
[00:35:15] [worker #30] Bootstrap tree #31, logLikelihood: -60538.853157
[00:35:17] [worker #5] Bootstrap tree #6, logLikelihood: -61643.996720
[00:35:19] [worker #35] Bootstrap tree #36, logLikelihood: -60784.737102
[00:35:22] [worker #11] Bootstrap tree #12, logLikelihood: -62054.106012
[00:35:22] [worker #1] Bootstrap tree #2, logLikelihood: -61231.201862
[00:35:26] [worker #28] Bootstrap tree #29, logLikelihood: -61589.611198
[00:35:27] [worker #6] Bootstrap tree #7, logLikelihood: -60666.019945
[00:35:30] [worker #31] Bootstrap tree #32, logLikelihood: -60906.525388
[00:35:33] [worker #15] Bootstrap tree #16, logLikelihood: -61192.104157
[00:35:34] [worker #23] Bootstrap tree #24, logLikelihood: -61406.843906
[00:35:34] [worker #37] Bootstrap tree #38, logLikelihood: -61501.957202
[00:35:37] [worker #2] Bootstrap tree #3, logLikelihood: -61138.718110
[00:35:40] [worker #13] Bootstrap tree #14, logLikelihood: -61289.815743
[00:35:41] [worker #10] Bootstrap tree #11, logLikelihood: -60738.104261
[00:35:45] [worker #39] Bootstrap tree #40, logLikelihood: -60817.944394
[00:35:54] [worker #3] Bootstrap tree #4, logLikelihood: -61078.330964
[00:35:58] [worker #38] Bootstrap tree #39, logLikelihood: -61035.848022
[00:35:59] [worker #29] Bootstrap tree #30, logLikelihood: -61345.052801
[00:35:59] [worker #27] Bootstrap tree #28, logLikelihood: -60509.631724
[00:36:00] [worker #0] Bootstrap tree #1, logLikelihood: -61420.701900
[00:36:02] [worker #12] Bootstrap tree #13, logLikelihood: -61050.138322
[00:36:16] [worker #9] Bootstrap tree #10, logLikelihood: -62234.691820
[00:36:26] [worker #26] Bootstrap tree #27, logLikelihood: -61051.247353
[00:36:40] [worker #7] Bootstrap tree #48, logLikelihood: -60856.823211
[00:36:52] [worker #32] Bootstrap tree #73, logLikelihood: -61263.713990
[00:37:04] [worker #14] Bootstrap tree #55, logLikelihood: -60925.263787
[00:37:14] [worker #4] Bootstrap tree #45, logLikelihood: -61493.647767
[00:37:28] [worker #17] Bootstrap tree #58, logLikelihood: -60950.244492
[00:37:39] [worker #18] Bootstrap tree #59, logLikelihood: -60929.164104
[00:37:42] [worker #21] Bootstrap tree #62, logLikelihood: -61221.528520
[00:37:45] [worker #13] Bootstrap tree #54, logLikelihood: -61062.502849
[00:37:46] [worker #16] Bootstrap tree #57, logLikelihood: -61066.823487
[00:37:49] [worker #22] Bootstrap tree #63, logLikelihood: -61009.321058
[00:37:52] [worker #33] Bootstrap tree #74, logLikelihood: -61760.748439
[00:37:55] [worker #34] Bootstrap tree #75, logLikelihood: -60914.650499
[00:37:56] [worker #20] Bootstrap tree #61, logLikelihood: -60958.948155
[00:37:57] [worker #36] Bootstrap tree #77, logLikelihood: -62002.372721
[00:38:00] [worker #38] Bootstrap tree #79, logLikelihood: -61647.429738
[00:38:08] [worker #19] Bootstrap tree #60, logLikelihood: -61120.390599
[00:38:19] [worker #24] Bootstrap tree #65, logLikelihood: -60909.042149
[00:38:19] [worker #15] Bootstrap tree #56, logLikelihood: -60884.899268
[00:38:19] [worker #25] Bootstrap tree #66, logLikelihood: -61967.334584
[00:38:25] [worker #11] Bootstrap tree #52, logLikelihood: -61178.831164
[00:38:28] [worker #28] Bootstrap tree #69, logLikelihood: -61605.309470
[00:38:37] [worker #1] Bootstrap tree #42, logLikelihood: -61775.182429
[00:38:41] [worker #5] Bootstrap tree #46, logLikelihood: -60746.647849
[00:38:41] [worker #10] Bootstrap tree #51, logLikelihood: -60914.221544
[00:38:44] [worker #23] Bootstrap tree #64, logLikelihood: -60721.799404
[00:38:46] [worker #27] Bootstrap tree #68, logLikelihood: -60806.233781
[00:38:52] [worker #29] Bootstrap tree #70, logLikelihood: -60956.903243
[00:38:52] [worker #31] Bootstrap tree #72, logLikelihood: -60813.059087
[00:38:56] [worker #30] Bootstrap tree #71, logLikelihood: -61643.485379
[00:38:58] [worker #8] Bootstrap tree #49, logLikelihood: -61059.100476
[00:39:05] [worker #39] Bootstrap tree #80, logLikelihood: -61230.489307
[00:39:06] [worker #0] Bootstrap tree #41, logLikelihood: -60494.884318
[00:39:08] [worker #35] Bootstrap tree #76, logLikelihood: -61110.573012
[00:39:11] [worker #2] Bootstrap tree #43, logLikelihood: -61537.727379
[00:39:16] [worker #3] Bootstrap tree #44, logLikelihood: -61362.273062
[00:39:17] [worker #6] Bootstrap tree #47, logLikelihood: -61457.090365
[00:39:26] [worker #12] Bootstrap tree #53, logLikelihood: -60969.303173
[00:39:28] [worker #9] Bootstrap tree #50, logLikelihood: -62357.009871
[00:39:31] [worker #37] Bootstrap tree #78, logLikelihood: -61438.683492
[00:39:58] [worker #26] Bootstrap tree #67, logLikelihood: -61414.783575
[00:42:12] [worker #7] Bootstrap tree #88, logLikelihood: -60442.018188
[00:42:18] [worker #28] Bootstrap tree #109, logLikelihood: -60554.246103
[00:42:26] [worker #38] Bootstrap tree #119, logLikelihood: -61211.266024
[00:42:36] [worker #39] Bootstrap tree #120, logLikelihood: -61246.345732
[00:42:36] [worker #36] Bootstrap tree #117, logLikelihood: -60707.941357
[00:42:53] [worker #20] Bootstrap tree #101, logLikelihood: -61629.740863
[00:42:54] [worker #19] Bootstrap tree #100, logLikelihood: -60553.895587
[00:42:56] [worker #13] Bootstrap tree #94, logLikelihood: -61344.241632
[00:42:57] [worker #32] Bootstrap tree #113, logLikelihood: -61134.364008
[00:43:12] [worker #16] Bootstrap tree #97, logLikelihood: -61712.797232
[00:43:12] [worker #3] Bootstrap tree #84, logLikelihood: -61071.039103
[00:43:15] [worker #14] Bootstrap tree #95, logLikelihood: -61888.980607
[00:43:17] [worker #23] Bootstrap tree #104, logLikelihood: -60359.251405
[00:43:25] [worker #22] Bootstrap tree #103, logLikelihood: -60985.495145
[00:43:28] [worker #15] Bootstrap tree #96, logLikelihood: -61633.386569
[00:43:32] [worker #24] Bootstrap tree #105, logLikelihood: -60603.902776
[00:43:33] [worker #12] Bootstrap tree #93, logLikelihood: -60347.577325
[00:43:35] [worker #21] Bootstrap tree #102, logLikelihood: -60249.891590
[00:43:38] [worker #29] Bootstrap tree #110, logLikelihood: -60980.242183
[00:43:39] [worker #6] Bootstrap tree #87, logLikelihood: -61384.218803
[00:43:40] [worker #30] Bootstrap tree #111, logLikelihood: -60941.967685
[00:43:41] [worker #4] Bootstrap tree #85, logLikelihood: -61685.274882
[00:43:43] [worker #10] Bootstrap tree #91, logLikelihood: -61751.654221
[00:43:45] [worker #37] Bootstrap tree #118, logLikelihood: -60954.907949
[00:43:48] [worker #33] Bootstrap tree #114, logLikelihood: -61576.336703
[00:43:49] [worker #1] Bootstrap tree #82, logLikelihood: -61221.835489
[00:43:50] [worker #35] Bootstrap tree #116, logLikelihood: -61177.949814
[00:43:52] [worker #26] Bootstrap tree #107, logLikelihood: -61171.019100
[00:43:56] [worker #34] Bootstrap tree #115, logLikelihood: -61513.547861
[00:43:58] [worker #8] Bootstrap tree #89, logLikelihood: -61116.504020
[00:44:01] [worker #0] Bootstrap tree #81, logLikelihood: -61091.683494
[00:44:04] [worker #2] Bootstrap tree #83, logLikelihood: -60341.201456
[00:44:12] [worker #11] Bootstrap tree #92, logLikelihood: -60002.870156
[00:44:13] [worker #31] Bootstrap tree #112, logLikelihood: -61327.702672
[00:44:14] [worker #17] Bootstrap tree #98, logLikelihood: -62042.778842
[00:44:17] [worker #25] Bootstrap tree #106, logLikelihood: -60187.359422
[00:44:33] [worker #27] Bootstrap tree #108, logLikelihood: -62111.320691
[00:44:33] [worker #5] Bootstrap tree #86, logLikelihood: -61013.915112
[00:44:36] [worker #9] Bootstrap tree #90, logLikelihood: -61159.437129
[00:44:36] [worker #38] Bootstrap tree #159, logLikelihood: -61046.195687
[00:44:44] [worker #18] Bootstrap tree #99, logLikelihood: -60679.359481
[00:45:07] [worker #36] Bootstrap tree #157, logLikelihood: -60605.762259
[00:45:16] [worker #19] Bootstrap tree #140, logLikelihood: -61539.398972
[00:45:31] [worker #20] Bootstrap tree #141, logLikelihood: -61558.248239
[00:45:32] [worker #28] Bootstrap tree #149, logLikelihood: -60061.284289
[00:45:42] [worker #7] Bootstrap tree #128, logLikelihood: -61059.281944
[00:45:45] [worker #13] Bootstrap tree #134, logLikelihood: -60653.529355
[00:45:48] [worker #1] Bootstrap tree #122, logLikelihood: -60978.515613
[00:45:52] [worker #2] Bootstrap tree #123, logLikelihood: -61083.922663
[00:45:52] [worker #14] Bootstrap tree #135, logLikelihood: -61605.502671
[00:45:56] [worker #16] Bootstrap tree #137, logLikelihood: -60742.203937
[00:46:05] [worker #39] Bootstrap tree #160, logLikelihood: -61051.455169
[00:46:06] [worker #25] Bootstrap tree #146, logLikelihood: -61514.941750
[00:46:09] [worker #3] Bootstrap tree #124, logLikelihood: -61026.945392
[00:46:11] [worker #35] Bootstrap tree #156, logLikelihood: -60986.655555
[00:46:20] [worker #26] Bootstrap tree #147, logLikelihood: -60587.254708
[00:46:21] [worker #32] Bootstrap tree #153, logLikelihood: -61095.651496
[00:46:24] [worker #23] Bootstrap tree #144, logLikelihood: -60796.734393
[00:46:33] [worker #12] Bootstrap tree #133, logLikelihood: -61474.229476
[00:46:37] [worker #24] Bootstrap tree #145, logLikelihood: -62142.812845
[00:46:38] [worker #22] Bootstrap tree #143, logLikelihood: -61178.583609
[00:46:40] [worker #15] Bootstrap tree #136, logLikelihood: -61581.199579
[00:46:43] [worker #34] Bootstrap tree #155, logLikelihood: -60514.845780
[00:46:49] [worker #4] Bootstrap tree #125, logLikelihood: -60797.642509
[00:46:55] [worker #8] Bootstrap tree #129, logLikelihood: -61516.055963
[00:47:04] [worker #37] Bootstrap tree #158, logLikelihood: -61027.800141
[00:47:12] [worker #10] Bootstrap tree #131, logLikelihood: -60610.717982
[00:47:15] [worker #27] Bootstrap tree #148, logLikelihood: -61933.067507
[00:47:18] [worker #31] Bootstrap tree #152, logLikelihood: -60922.149253
[00:47:18] [worker #5] Bootstrap tree #126, logLikelihood: -61701.167927
[00:47:21] [worker #0] Bootstrap tree #121, logLikelihood: -61702.756940
[00:47:22] [worker #17] Bootstrap tree #138, logLikelihood: -61494.417440
[00:47:23] [worker #6] Bootstrap tree #127, logLikelihood: -60719.803084
[00:47:25] [worker #21] Bootstrap tree #142, logLikelihood: -61447.031589
[00:47:35] [worker #11] Bootstrap tree #132, logLikelihood: -62135.637705
[00:47:36] [worker #29] Bootstrap tree #150, logLikelihood: -61832.658788
[00:47:43] [worker #9] Bootstrap tree #130, logLikelihood: -60823.218507
[00:48:02] [worker #18] Bootstrap tree #139, logLikelihood: -61215.939866
[00:48:11] [worker #30] Bootstrap tree #151, logLikelihood: -60902.824558
[00:49:06] [worker #33] Bootstrap tree #154, logLikelihood: -60960.033787
[00:51:03] [worker #5] Bootstrap tree #166, logLikelihood: -60459.446764
[00:51:25] [worker #13] Bootstrap tree #174, logLikelihood: -61553.824459
[00:51:26] [worker #12] Bootstrap tree #173, logLikelihood: -61549.178664
[00:51:32] [worker #14] Bootstrap tree #175, logLikelihood: -60047.579840
[00:51:45] [worker #33] Bootstrap tree #194, logLikelihood: -61144.914338
[00:51:51] [worker #2] Bootstrap tree #163, logLikelihood: -60514.378811
[00:51:59] [worker #26] Bootstrap tree #187, logLikelihood: -60826.414322
[00:52:00] [worker #28] Bootstrap tree #189, logLikelihood: -61442.998241
[00:52:14] [worker #15] Bootstrap tree #176, logLikelihood: -61108.643058
[00:52:16] [worker #22] Bootstrap tree #183, logLikelihood: -61020.341644
[00:52:18] [worker #3] Bootstrap tree #164, logLikelihood: -61161.444178
[00:52:22] [worker #34] Bootstrap tree #195, logLikelihood: -60781.654362
[00:52:27] [worker #17] Bootstrap tree #178, logLikelihood: -60943.646255
[00:52:38] [worker #7] Bootstrap tree #168, logLikelihood: -60813.014319
[00:52:42] [worker #21] Bootstrap tree #182, logLikelihood: -60649.670146
[00:52:43] [worker #25] Bootstrap tree #186, logLikelihood: -60627.915891
[00:52:46] [worker #20] Bootstrap tree #181, logLikelihood: -61451.083451
[00:52:47] [worker #32] Bootstrap tree #193, logLikelihood: -60670.982068
[00:52:47] [worker #1] Bootstrap tree #162, logLikelihood: -61275.234506
[00:52:47] [worker #39] Bootstrap tree #200, logLikelihood: -61152.458325
[00:52:47] [worker #37] Bootstrap tree #198, logLikelihood: -60747.144835
[00:52:48] [worker #9] Bootstrap tree #170, logLikelihood: -61429.497164
[00:52:51] [worker #19] Bootstrap tree #180, logLikelihood: -61667.210505
[00:52:52] [worker #0] Bootstrap tree #161, logLikelihood: -60779.723943
[00:52:59] [worker #18] Bootstrap tree #179, logLikelihood: -61043.603364
[00:53:00] [worker #16] Bootstrap tree #177, logLikelihood: -61390.861559
[00:53:05] [worker #29] Bootstrap tree #190, logLikelihood: -60267.971367
[00:53:07] [worker #36] Bootstrap tree #197, logLikelihood: -61272.986111
[00:53:08] [worker #4] Bootstrap tree #165, logLikelihood: -60719.138199
[00:53:08] [worker #27] Bootstrap tree #188, logLikelihood: -61235.935122
[00:53:11] [worker #38] Bootstrap tree #199, logLikelihood: -60728.238921
[00:53:13] [worker #10] Bootstrap tree #171, logLikelihood: -60474.488683
[00:53:18] [worker #30] Bootstrap tree #191, logLikelihood: -61928.439371
[00:53:19] [worker #6] Bootstrap tree #167, logLikelihood: -61338.625648
[00:53:29] [worker #23] Bootstrap tree #184, logLikelihood: -60821.669526
[00:53:32] [worker #5] Bootstrap tree #206, logLikelihood: -60746.061873
[00:53:36] [worker #11] Bootstrap tree #172, logLikelihood: -61450.214033
[00:53:40] [worker #24] Bootstrap tree #185, logLikelihood: -60674.302518
[00:53:41] [worker #8] Bootstrap tree #169, logLikelihood: -61375.465955
[00:53:44] [worker #31] Bootstrap tree #192, logLikelihood: -60783.728393
[00:53:49] [worker #12] Bootstrap tree #213, logLikelihood: -60776.046126
[00:54:09] [worker #13] Bootstrap tree #214, logLikelihood: -60270.265939
[00:54:27] [worker #17] Bootstrap tree #218, logLikelihood: -60612.607951
[00:54:32] [worker #14] Bootstrap tree #215, logLikelihood: -61649.605695
[00:54:49] [worker #26] Bootstrap tree #227, logLikelihood: -61781.704985
[00:54:51] [worker #21] Bootstrap tree #222, logLikelihood: -61649.045197
[00:55:04] [worker #2] Bootstrap tree #203, logLikelihood: -61557.254353
[00:55:09] [worker #3] Bootstrap tree #204, logLikelihood: -61993.486168
[00:55:11] [worker #19] Bootstrap tree #220, logLikelihood: -60784.496275
[00:55:26] [worker #36] Bootstrap tree #237, logLikelihood: -61119.568252
[00:55:28] [worker #15] Bootstrap tree #216, logLikelihood: -61164.288916
[00:55:29] [worker #35] Bootstrap tree #196, logLikelihood: -61667.904064
[00:55:35] [worker #20] Bootstrap tree #221, logLikelihood: -61454.936728
[00:55:38] [worker #6] Bootstrap tree #207, logLikelihood: -61205.011151
[00:55:41] [worker #25] Bootstrap tree #226, logLikelihood: -61269.822731
[00:55:43] [worker #38] Bootstrap tree #239, logLikelihood: -60592.869587
[00:55:43] [worker #0] Bootstrap tree #201, logLikelihood: -61803.695583
[00:55:46] [worker #22] Bootstrap tree #223, logLikelihood: -60789.738743
[00:55:46] [worker #28] Bootstrap tree #229, logLikelihood: -61249.928053
[00:55:49] [worker #37] Bootstrap tree #238, logLikelihood: -61142.562366
[00:55:50] [worker #7] Bootstrap tree #208, logLikelihood: -61664.445083
[00:55:50] [worker #39] Bootstrap tree #240, logLikelihood: -60546.715977
[00:55:55] [worker #27] Bootstrap tree #228, logLikelihood: -61014.302206
[00:55:58] [worker #16] Bootstrap tree #217, logLikelihood: -60758.758725
[00:56:01] [worker #34] Bootstrap tree #235, logLikelihood: -61997.966057
[00:56:02] [worker #33] Bootstrap tree #234, logLikelihood: -61157.476434
[00:56:05] [worker #1] Bootstrap tree #202, logLikelihood: -60893.969622
[00:56:10] [worker #29] Bootstrap tree #230, logLikelihood: -61049.297328
[00:56:11] [worker #32] Bootstrap tree #233, logLikelihood: -60915.841808
[00:56:20] [worker #9] Bootstrap tree #210, logLikelihood: -61665.355295
[00:56:23] [worker #18] Bootstrap tree #219, logLikelihood: -60333.112102
[00:56:23] [worker #23] Bootstrap tree #224, logLikelihood: -61143.210456
[00:56:25] [worker #10] Bootstrap tree #211, logLikelihood: -61394.589633
[00:56:44] [worker #8] Bootstrap tree #209, logLikelihood: -61219.022608
[00:56:54] [worker #11] Bootstrap tree #212, logLikelihood: -61150.354126
[00:56:54] [worker #31] Bootstrap tree #232, logLikelihood: -60436.302807
[00:56:59] [worker #4] Bootstrap tree #205, logLikelihood: -60578.072325
[00:57:36] [worker #30] Bootstrap tree #231, logLikelihood: -60884.083691
[00:57:43] [worker #24] Bootstrap tree #225, logLikelihood: -61471.212745
[00:58:52] [worker #35] Bootstrap tree #236, logLikelihood: -61011.682807
[01:01:45] [worker #38] Bootstrap tree #279, logLikelihood: -61246.527986
[01:01:48] [worker #34] Bootstrap tree #275, logLikelihood: -61986.033241
[01:01:50] [worker #16] Bootstrap tree #257, logLikelihood: -60898.521767
[01:01:51] [worker #6] Bootstrap tree #247, logLikelihood: -61220.474230
[01:01:53] [worker #4] Bootstrap tree #245, logLikelihood: -60907.706961
[01:02:06] [worker #35] Bootstrap tree #276, logLikelihood: -60679.020560
[01:02:07] [worker #18] Bootstrap tree #259, logLikelihood: -61216.771198
[01:02:12] [worker #28] Bootstrap tree #269, logLikelihood: -60132.985384
[01:02:18] [worker #27] Bootstrap tree #268, logLikelihood: -60519.914668
[01:02:20] [worker #19] Bootstrap tree #260, logLikelihood: -60539.936785
[01:02:24] [worker #7] Bootstrap tree #248, logLikelihood: -61625.911698
[01:02:28] [worker #0] Bootstrap tree #241, logLikelihood: -60728.664464
[01:02:29] [worker #21] Bootstrap tree #262, logLikelihood: -60756.736253
[01:02:30] [worker #17] Bootstrap tree #258, logLikelihood: -61393.787297
[01:02:35] [worker #26] Bootstrap tree #267, logLikelihood: -60974.241113
[01:02:39] [worker #22] Bootstrap tree #263, logLikelihood: -61474.623793
[01:02:42] [worker #10] Bootstrap tree #251, logLikelihood: -60473.915094
[01:02:42] [worker #3] Bootstrap tree #244, logLikelihood: -61515.824015
[01:02:44] [worker #36] Bootstrap tree #277, logLikelihood: -61113.401779
[01:02:48] [worker #8] Bootstrap tree #249, logLikelihood: -60832.251994
[01:02:49] [worker #25] Bootstrap tree #266, logLikelihood: -60598.756466
[01:02:50] [worker #12] Bootstrap tree #253, logLikelihood: -61730.013541
[01:02:52] [worker #14] Bootstrap tree #255, logLikelihood: -61269.092536
[01:02:52] [worker #13] Bootstrap tree #254, logLikelihood: -60834.620344
[01:03:03] [worker #32] Bootstrap tree #273, logLikelihood: -60970.708377
[01:03:04] [worker #39] Bootstrap tree #280, logLikelihood: -61235.826914
[01:03:05] [worker #2] Bootstrap tree #243, logLikelihood: -61037.040507
[01:03:09] [worker #20] Bootstrap tree #261, logLikelihood: -60424.828083
[01:03:09] [worker #31] Bootstrap tree #272, logLikelihood: -60936.273969
[01:03:15] [worker #15] Bootstrap tree #256, logLikelihood: -61013.030453
[01:03:21] [worker #1] Bootstrap tree #242, logLikelihood: -61059.334735
[01:03:23] [worker #23] Bootstrap tree #264, logLikelihood: -61654.120794
[01:03:24] [worker #11] Bootstrap tree #252, logLikelihood: -61325.704663
[01:03:32] [worker #24] Bootstrap tree #265, logLikelihood: -60971.607421
[01:03:34] [worker #37] Bootstrap tree #278, logLikelihood: -60385.055792
[01:03:35] [worker #38] Bootstrap tree #319, logLikelihood: -60872.880253
[01:03:37] [worker #9] Bootstrap tree #250, logLikelihood: -61655.355260
[01:03:46] [worker #33] Bootstrap tree #274, logLikelihood: -61390.690682
[01:03:52] [worker #5] Bootstrap tree #246, logLikelihood: -60562.067356
[01:03:52] [worker #30] Bootstrap tree #271, logLikelihood: -61162.005627
[01:04:06] [worker #4] Bootstrap tree #285, logLikelihood: -61495.506849
[01:04:17] [worker #16] Bootstrap tree #297, logLikelihood: -62302.670476
[01:04:29] [worker #34] Bootstrap tree #315, logLikelihood: -60171.653741
[01:04:41] [worker #18] Bootstrap tree #299, logLikelihood: -60949.063736
[01:04:56] [worker #7] Bootstrap tree #288, logLikelihood: -61372.207164
[01:05:09] [worker #0] Bootstrap tree #281, logLikelihood: -60402.339384
[01:05:11] [worker #35] Bootstrap tree #316, logLikelihood: -61602.108700
[01:05:11] [worker #12] Bootstrap tree #293, logLikelihood: -60460.863204
[01:05:19] [worker #36] Bootstrap tree #317, logLikelihood: -61261.924159
[01:05:24] [worker #28] Bootstrap tree #309, logLikelihood: -61491.578340
[01:05:34] [worker #10] Bootstrap tree #291, logLikelihood: -61352.885913
[01:05:39] [worker #27] Bootstrap tree #308, logLikelihood: -61046.359391
[01:05:50] [worker #17] Bootstrap tree #298, logLikelihood: -61864.200886
[01:05:51] [worker #19] Bootstrap tree #300, logLikelihood: -60821.806959
[01:06:02] [worker #8] Bootstrap tree #289, logLikelihood: -60741.428715
[01:06:03] [worker #13] Bootstrap tree #294, logLikelihood: -61725.284571
[01:06:03] [worker #32] Bootstrap tree #313, logLikelihood: -60986.190109
[01:06:04] [worker #22] Bootstrap tree #303, logLikelihood: -61495.010973
[01:06:13] [worker #37] Bootstrap tree #318, logLikelihood: -61506.441942
[01:06:14] [worker #31] Bootstrap tree #312, logLikelihood: -60837.342435
[01:06:17] [worker #23] Bootstrap tree #304, logLikelihood: -61527.837019
[01:06:18] [worker #29] Bootstrap tree #270, logLikelihood: -60803.294423
[01:06:18] [worker #1] Bootstrap tree #282, logLikelihood: -61208.199906
[01:06:23] [worker #26] Bootstrap tree #307, logLikelihood: -61350.126528
[01:06:25] [worker #21] Bootstrap tree #302, logLikelihood: -60560.769253
[01:06:26] [worker #9] Bootstrap tree #290, logLikelihood: -61128.509070
[01:06:32] [worker #2] Bootstrap tree #283, logLikelihood: -60768.890074
[01:06:41] [worker #15] Bootstrap tree #296, logLikelihood: -61341.110592
[01:06:41] [worker #5] Bootstrap tree #286, logLikelihood: -61060.719041
[01:06:42] [worker #3] Bootstrap tree #284, logLikelihood: -60876.369399
[01:06:43] [worker #14] Bootstrap tree #295, logLikelihood: -60866.819116
[01:06:47] [worker #30] Bootstrap tree #311, logLikelihood: -61544.256804
[01:06:49] [worker #11] Bootstrap tree #292, logLikelihood: -61639.696520
[01:06:50] [worker #25] Bootstrap tree #306, logLikelihood: -61459.003281
[01:06:51] [worker #33] Bootstrap tree #314, logLikelihood: -61281.042652
[01:06:57] [worker #20] Bootstrap tree #301, logLikelihood: -61341.260134
[01:07:04] [worker #6] Bootstrap tree #287, logLikelihood: -61673.399405
[01:07:05] [worker #24] Bootstrap tree #305, logLikelihood: -61458.908678
[01:07:38] [worker #39] Bootstrap tree #320, logLikelihood: -61662.135639
[01:09:12] [worker #29] Bootstrap tree #310, logLikelihood: -61435.736193
[01:11:52] [worker #13] Bootstrap tree #334, logLikelihood: -61273.460809
[01:12:09] [worker #26] Bootstrap tree #347, logLikelihood: -60456.845029
[01:12:10] [worker #39] Bootstrap tree #360, logLikelihood: -60965.880831
[01:12:21] [worker #23] Bootstrap tree #344, logLikelihood: -60905.238266
[01:12:28] [worker #9] Bootstrap tree #330, logLikelihood: -61811.372151
[01:12:29] [worker #20] Bootstrap tree #341, logLikelihood: -61570.757757
[01:12:33] [worker #2] Bootstrap tree #323, logLikelihood: -60812.481285
[01:12:37] [worker #14] Bootstrap tree #335, logLikelihood: -61436.126421
[01:12:39] [worker #1] Bootstrap tree #322, logLikelihood: -60952.171796
[01:12:40] [worker #24] Bootstrap tree #345, logLikelihood: -60109.953466
[01:12:40] [worker #17] Bootstrap tree #338, logLikelihood: -60743.327022
[01:12:41] [worker #8] Bootstrap tree #329, logLikelihood: -60203.044728
[01:12:50] [worker #25] Bootstrap tree #346, logLikelihood: -61480.502088
[01:12:51] [worker #15] Bootstrap tree #336, logLikelihood: -61056.938240
[01:12:51] [worker #10] Bootstrap tree #331, logLikelihood: -60878.999265
[01:12:52] [worker #28] Bootstrap tree #349, logLikelihood: -61802.196470
[01:12:53] [worker #5] Bootstrap tree #326, logLikelihood: -60951.332906
[01:12:55] [worker #32] Bootstrap tree #353, logLikelihood: -61632.226663
[01:12:58] [worker #36] Bootstrap tree #357, logLikelihood: -60420.020640
[01:13:03] [worker #6] Bootstrap tree #327, logLikelihood: -61062.875858
[01:13:03] [worker #19] Bootstrap tree #340, logLikelihood: -61192.568399
[01:13:04] [worker #34] Bootstrap tree #355, logLikelihood: -60933.777038
[01:13:04] [worker #27] Bootstrap tree #348, logLikelihood: -61196.944145
[01:13:05] [worker #33] Bootstrap tree #354, logLikelihood: -61423.481524
[01:13:08] [worker #0] Bootstrap tree #321, logLikelihood: -61112.412816
[01:13:09] [worker #22] Bootstrap tree #343, logLikelihood: -60829.878007
[01:13:10] [worker #7] Bootstrap tree #328, logLikelihood: -61395.237054
[01:13:10] [worker #29] Bootstrap tree #350, logLikelihood: -61658.611081
[01:13:18] [worker #37] Bootstrap tree #358, logLikelihood: -61739.111411
[01:13:18] [worker #35] Bootstrap tree #356, logLikelihood: -61454.957023
[01:13:20] [worker #38] Bootstrap tree #359, logLikelihood: -60799.537532
[01:13:29] [worker #30] Bootstrap tree #351, logLikelihood: -61689.295129
[01:13:29] [worker #16] Bootstrap tree #337, logLikelihood: -60872.340750
[01:13:33] [worker #31] Bootstrap tree #352, logLikelihood: -60879.569376
[01:13:33] [worker #11] Bootstrap tree #332, logLikelihood: -61538.417453
[01:13:39] [worker #12] Bootstrap tree #333, logLikelihood: -61165.327511
[01:13:42] [worker #4] Bootstrap tree #325, logLikelihood: -61226.223069
[01:13:55] [worker #3] Bootstrap tree #324, logLikelihood: -61210.617089
[01:13:58] [worker #18] Bootstrap tree #339, logLikelihood: -61008.620718
[01:14:22] [worker #26] Bootstrap tree #387, logLikelihood: -60553.658174
[01:14:36] [worker #13] Bootstrap tree #374, logLikelihood: -61123.234587
[01:14:52] [worker #21] Bootstrap tree #342, logLikelihood: -61406.873229
[01:14:55] [worker #0] Bootstrap tree #361, logLikelihood: -60562.610696
[01:15:03] [worker #39] Bootstrap tree #400, logLikelihood: -61520.472207
[01:15:12] [worker #17] Bootstrap tree #378, logLikelihood: -60687.390310
[01:15:25] [worker #10] Bootstrap tree #371, logLikelihood: -61146.068203
[01:15:31] [worker #7] Bootstrap tree #368, logLikelihood: -60929.267720
[01:15:32] [worker #30] Bootstrap tree #391, logLikelihood: -60893.722728
[01:15:32] [worker #1] Bootstrap tree #362, logLikelihood: -60198.762940
[01:15:40] [worker #29] Bootstrap tree #390, logLikelihood: -61440.354713
[01:15:46] [worker #28] Bootstrap tree #389, logLikelihood: -60869.866759
[01:15:48] [worker #20] Bootstrap tree #381, logLikelihood: -61453.441277
[01:15:49] [worker #25] Bootstrap tree #386, logLikelihood: -60492.370193
[01:15:49] [worker #24] Bootstrap tree #385, logLikelihood: -60592.129836
[01:15:52] [worker #37] Bootstrap tree #398, logLikelihood: -60754.653336
[01:16:01] [worker #5] Bootstrap tree #366, logLikelihood: -61307.796043
[01:16:03] [worker #9] Bootstrap tree #370, logLikelihood: -61292.363633
[01:16:03] [worker #19] Bootstrap tree #380, logLikelihood: -61032.954794
[01:16:04] [worker #33] Bootstrap tree #394, logLikelihood: -60914.910869
[01:16:06] [worker #8] Bootstrap tree #369, logLikelihood: -60563.287746
[01:16:08] [worker #36] Bootstrap tree #397, logLikelihood: -60904.023405
[01:16:11] [worker #15] Bootstrap tree #376, logLikelihood: -61364.418331
[01:16:13] [worker #31] Bootstrap tree #392, logLikelihood: -60967.259112
[01:16:14] [worker #2] Bootstrap tree #363, logLikelihood: -60967.909390
[01:16:18] [worker #27] Bootstrap tree #388, logLikelihood: -61238.444917
[01:16:27] [worker #23] Bootstrap tree #384, logLikelihood: -61291.620280
[01:16:30] [worker #14] Bootstrap tree #375, logLikelihood: -61923.768429
[01:16:34] [worker #32] Bootstrap tree #393, logLikelihood: -61265.084243
[01:16:41] [worker #35] Bootstrap tree #396, logLikelihood: -61863.873065
[01:16:42] [worker #38] Bootstrap tree #399, logLikelihood: -61415.121291
[01:16:43] [worker #4] Bootstrap tree #365, logLikelihood: -61336.179415
[01:16:48] [worker #6] Bootstrap tree #367, logLikelihood: -61591.329582
[01:16:54] [worker #34] Bootstrap tree #395, logLikelihood: -61147.579228
[01:16:57] [worker #12] Bootstrap tree #373, logLikelihood: -61589.723931
[01:17:06] [worker #3] Bootstrap tree #364, logLikelihood: -60612.794963
[01:17:19] [worker #16] Bootstrap tree #377, logLikelihood: -62382.567178
[01:17:25] [worker #18] Bootstrap tree #379, logLikelihood: -61585.088133
[01:18:01] [worker #22] Bootstrap tree #383, logLikelihood: -61595.282614
[01:18:06] [worker #21] Bootstrap tree #382, logLikelihood: -61141.144423
[01:18:23] [worker #11] Bootstrap tree #372, logLikelihood: -61112.902848
[01:21:06] [worker #21] Bootstrap tree #422, logLikelihood: -61333.470693
[01:21:12] [worker #16] Bootstrap tree #417, logLikelihood: -61027.887876
[01:21:15] [worker #12] Bootstrap tree #413, logLikelihood: -60665.928226
[01:21:27] [worker #23] Bootstrap tree #424, logLikelihood: -61099.894611
[01:21:37] [worker #0] Bootstrap tree #401, logLikelihood: -60882.652926
[01:21:40] [worker #4] Bootstrap tree #405, logLikelihood: -60952.706416
[01:21:41] [worker #26] Bootstrap tree #427, logLikelihood: -61090.191647
[01:21:42] [worker #10] Bootstrap tree #411, logLikelihood: -60822.279855
[01:21:42] [worker #9] Bootstrap tree #410, logLikelihood: -60974.674386
[01:21:43] [worker #36] Bootstrap tree #437, logLikelihood: -61082.159877
[01:21:45] [worker #32] Bootstrap tree #433, logLikelihood: -61715.045055
[01:21:46] [worker #34] Bootstrap tree #435, logLikelihood: -61277.195754
[01:21:47] [worker #18] Bootstrap tree #419, logLikelihood: -61590.514730
[01:21:51] [worker #11] Bootstrap tree #412, logLikelihood: -60823.056922
[01:21:52] [worker #35] Bootstrap tree #436, logLikelihood: -61197.924719
[01:21:53] [worker #1] Bootstrap tree #402, logLikelihood: -60620.700704
[01:21:53] [worker #6] Bootstrap tree #407, logLikelihood: -60432.316033
[01:22:03] [worker #19] Bootstrap tree #420, logLikelihood: -61108.722458
[01:22:03] [worker #39] Bootstrap tree #440, logLikelihood: -61192.757220
[01:22:05] [worker #14] Bootstrap tree #415, logLikelihood: -61559.630300
[01:22:08] [worker #28] Bootstrap tree #429, logLikelihood: -60841.406571
[01:22:08] [worker #37] Bootstrap tree #438, logLikelihood: -61322.609616
[01:22:13] [worker #13] Bootstrap tree #414, logLikelihood: -61369.849058
[01:22:16] [worker #30] Bootstrap tree #431, logLikelihood: -61609.668179
[01:22:16] [worker #24] Bootstrap tree #425, logLikelihood: -61567.636214
[01:22:16] [worker #2] Bootstrap tree #403, logLikelihood: -61312.175532
[01:22:21] [worker #5] Bootstrap tree #406, logLikelihood: -60841.767509
[01:22:22] [worker #8] Bootstrap tree #409, logLikelihood: -61086.199840
[01:22:23] [worker #17] Bootstrap tree #418, logLikelihood: -60996.760799
[01:22:23] [worker #31] Bootstrap tree #432, logLikelihood: -60805.341939
[01:22:24] [worker #38] Bootstrap tree #439, logLikelihood: -61193.064831
[01:22:24] [worker #7] Bootstrap tree #408, logLikelihood: -61023.572492
[01:22:25] [worker #22] Bootstrap tree #423, logLikelihood: -61192.448922
[01:22:26] [worker #29] Bootstrap tree #430, logLikelihood: -60963.630321
[01:22:28] [worker #25] Bootstrap tree #426, logLikelihood: -61731.415031
[01:22:28] [worker #33] Bootstrap tree #434, logLikelihood: -61575.702506
[01:22:30] [worker #3] Bootstrap tree #404, logLikelihood: -61365.807504
[01:22:57] [worker #20] Bootstrap tree #421, logLikelihood: -61088.610544
[01:23:16] [worker #15] Bootstrap tree #416, logLikelihood: -61351.704728
[01:23:30] [worker #12] Bootstrap tree #453, logLikelihood: -61292.520545
[01:23:40] [worker #36] Bootstrap tree #477, logLikelihood: -61111.188858
[01:23:42] [worker #16] Bootstrap tree #457, logLikelihood: -59907.619839
[01:23:42] [worker #23] Bootstrap tree #464, logLikelihood: -60440.322845
[01:23:58] [worker #34] Bootstrap tree #475, logLikelihood: -59970.698683
[01:24:13] [worker #11] Bootstrap tree #452, logLikelihood: -61074.604755
[01:24:19] [worker #32] Bootstrap tree #473, logLikelihood: -61307.635362
[01:24:27] [worker #21] Bootstrap tree #462, logLikelihood: -61061.951095
[01:24:39] [worker #18] Bootstrap tree #459, logLikelihood: -61306.215186
[01:24:43] [worker #31] Bootstrap tree #472, logLikelihood: -61590.289829
[01:24:43] [worker #19] Bootstrap tree #460, logLikelihood: -60800.030561
[01:24:45] [worker #4] Bootstrap tree #445, logLikelihood: -61652.182608
[01:24:50] [worker #27] Bootstrap tree #428, logLikelihood: -61318.359661
[01:24:52] [worker #1] Bootstrap tree #442, logLikelihood: -61185.614214
[01:24:54] [worker #20] Bootstrap tree #461, logLikelihood: -61407.074931
[01:24:57] [worker #13] Bootstrap tree #454, logLikelihood: -61758.865099
[01:25:03] [worker #22] Bootstrap tree #463, logLikelihood: -61042.188776
[01:25:06] [worker #24] Bootstrap tree #465, logLikelihood: -62167.764452
[01:25:08] [worker #35] Bootstrap tree #476, logLikelihood: -61053.318716
[01:25:11] [worker #9] Bootstrap tree #450, logLikelihood: -61458.912750
[01:25:11] [worker #30] Bootstrap tree #471, logLikelihood: -61124.175239
[01:25:14] [worker #6] Bootstrap tree #447, logLikelihood: -61452.956116
[01:25:22] [worker #26] Bootstrap tree #467, logLikelihood: -61341.959134
[01:25:24] [worker #28] Bootstrap tree #469, logLikelihood: -61832.875293
[01:25:27] [worker #37] Bootstrap tree #478, logLikelihood: -61147.879919
[01:25:29] [worker #10] Bootstrap tree #451, logLikelihood: -62536.915145
[01:25:34] [worker #38] Bootstrap tree #479, logLikelihood: -61028.587461
[01:25:35] [worker #39] Bootstrap tree #480, logLikelihood: -61607.939700
[01:25:38] [worker #29] Bootstrap tree #470, logLikelihood: -60711.288683
[01:25:41] [worker #7] Bootstrap tree #448, logLikelihood: -61080.139595
[01:25:42] [worker #14] Bootstrap tree #455, logLikelihood: -61140.481060
[01:25:42] [worker #15] Bootstrap tree #456, logLikelihood: -61142.150435
[01:25:43] [worker #2] Bootstrap tree #443, logLikelihood: -60683.232244
[01:25:45] [worker #17] Bootstrap tree #458, logLikelihood: -61821.986821
[01:25:51] [worker #0] Bootstrap tree #441, logLikelihood: -61436.604693
[01:25:51] [worker #33] Bootstrap tree #474, logLikelihood: -61680.361386
[01:25:58] [worker #5] Bootstrap tree #446, logLikelihood: -61676.494891
[01:26:07] [worker #25] Bootstrap tree #466, logLikelihood: -60571.482731
[01:26:10] [worker #8] Bootstrap tree #449, logLikelihood: -60920.830157
[01:26:20] [worker #3] Bootstrap tree #444, logLikelihood: -61452.694895
[01:27:46] [worker #27] Bootstrap tree #468, logLikelihood: -60109.296667
[01:30:04] [worker #15] Bootstrap tree #496, logLikelihood: -61259.407240
[01:30:17] [worker #35] Bootstrap tree #516, logLikelihood: -61061.189493
[01:30:26] [worker #19] Bootstrap tree #500, logLikelihood: -61257.535935
[01:30:39] [worker #24] Bootstrap tree #505, logLikelihood: -60838.044583
[01:30:47] [worker #32] Bootstrap tree #513, logLikelihood: -61146.717231
[01:30:58] [worker #10] Bootstrap tree #491, logLikelihood: -61421.893756
[01:31:05] [worker #13] Bootstrap tree #494, logLikelihood: -61462.291452
[01:31:07] [worker #8] Bootstrap tree #489, logLikelihood: -60481.034474
[01:31:09] [worker #9] Bootstrap tree #490, logLikelihood: -61183.629626
[01:31:10] [worker #1] Bootstrap tree #482, logLikelihood: -60632.160506
[01:31:11] [worker #4] Bootstrap tree #485, logLikelihood: -61069.243187
[01:31:13] [worker #14] Bootstrap tree #495, logLikelihood: -61798.166007
[01:31:15] [worker #33] Bootstrap tree #514, logLikelihood: -61030.554410
[01:31:20] [worker #6] Bootstrap tree #487, logLikelihood: -61530.822458
[01:31:20] [worker #27] Bootstrap tree #508, logLikelihood: -61245.658511
[01:31:27] [worker #23] Bootstrap tree #504, logLikelihood: -61301.570877
[01:31:28] [worker #2] Bootstrap tree #483, logLikelihood: -62044.534138
[01:31:31] [worker #38] Bootstrap tree #519, logLikelihood: -60730.222122
[01:31:32] [worker #11] Bootstrap tree #492, logLikelihood: -61361.757296
[01:31:33] [worker #0] Bootstrap tree #481, logLikelihood: -61157.347725
[01:31:33] [worker #26] Bootstrap tree #507, logLikelihood: -60552.775752
[01:31:35] [worker #5] Bootstrap tree #486, logLikelihood: -61167.664144
[01:31:43] [worker #25] Bootstrap tree #506, logLikelihood: -61338.976736
[01:31:45] [worker #21] Bootstrap tree #502, logLikelihood: -61213.904703
[01:31:47] [worker #3] Bootstrap tree #484, logLikelihood: -61525.849845
[01:31:49] [worker #17] Bootstrap tree #498, logLikelihood: -61778.476488
[01:31:53] [worker #37] Bootstrap tree #518, logLikelihood: -60849.575165
[01:31:57] [worker #30] Bootstrap tree #511, logLikelihood: -61604.818946
[01:32:08] [worker #34] Bootstrap tree #515, logLikelihood: -61308.372404
[01:32:11] [worker #31] Bootstrap tree #512, logLikelihood: -60478.262266
[01:32:13] [worker #7] Bootstrap tree #488, logLikelihood: -61374.640979
[01:32:13] [worker #15] Bootstrap tree #536, logLikelihood: -60478.016317
[01:32:15] [worker #36] Bootstrap tree #517, logLikelihood: -61234.260423
[01:32:16] [worker #29] Bootstrap tree #510, logLikelihood: -60466.110789
[01:32:19] [worker #39] Bootstrap tree #520, logLikelihood: -61517.844846
[01:32:20] [worker #16] Bootstrap tree #497, logLikelihood: -60694.006573
[01:32:23] [worker #18] Bootstrap tree #499, logLikelihood: -60669.101030
[01:32:31] [worker #12] Bootstrap tree #493, logLikelihood: -61470.617933
[01:32:36] [worker #32] Bootstrap tree #553, logLikelihood: -61083.243203
[01:32:42] [worker #22] Bootstrap tree #503, logLikelihood: -61251.179384
[01:32:43] [worker #20] Bootstrap tree #501, logLikelihood: -61183.819048
[01:32:49] [worker #28] Bootstrap tree #509, logLikelihood: -61612.212234
[01:33:08] [worker #35] Bootstrap tree #556, logLikelihood: -60590.435168
[01:33:26] [worker #13] Bootstrap tree #534, logLikelihood: -60875.736169
[01:33:33] [worker #19] Bootstrap tree #540, logLikelihood: -61251.492888
[01:33:39] [worker #14] Bootstrap tree #535, logLikelihood: -60709.642796
[01:33:40] [worker #33] Bootstrap tree #554, logLikelihood: -60917.855559
[01:33:47] [worker #26] Bootstrap tree #547, logLikelihood: -60937.980897
[01:33:49] [worker #9] Bootstrap tree #530, logLikelihood: -61491.158543
[01:33:54] [worker #24] Bootstrap tree #545, logLikelihood: -61123.442047
[01:34:09] [worker #27] Bootstrap tree #548, logLikelihood: -60737.874519
[01:34:10] [worker #10] Bootstrap tree #531, logLikelihood: -60800.839318
[01:34:15] [worker #25] Bootstrap tree #546, logLikelihood: -61355.039278
[01:34:16] [worker #1] Bootstrap tree #522, logLikelihood: -60722.334124
[01:34:17] [worker #8] Bootstrap tree #529, logLikelihood: -61082.337033
[01:34:29] [worker #37] Bootstrap tree #558, logLikelihood: -61304.276428
[01:34:33] [worker #5] Bootstrap tree #526, logLikelihood: -60562.583464
[01:34:33] [worker #23] Bootstrap tree #544, logLikelihood: -61470.837826
[01:34:34] [worker #38] Bootstrap tree #559, logLikelihood: -60950.515767
[01:34:36] [worker #2] Bootstrap tree #523, logLikelihood: -61174.120753
[01:34:45] [worker #30] Bootstrap tree #551, logLikelihood: -60813.139614
[01:34:45] [worker #4] Bootstrap tree #525, logLikelihood: -61406.955537
[01:34:47] [worker #12] Bootstrap tree #533, logLikelihood: -60464.186289
[01:34:52] [worker #6] Bootstrap tree #527, logLikelihood: -61400.262444
[01:34:53] [worker #11] Bootstrap tree #532, logLikelihood: -61571.738606
[01:34:55] [worker #17] Bootstrap tree #538, logLikelihood: -60915.851206
[01:35:00] [worker #39] Bootstrap tree #560, logLikelihood: -60978.075414
[01:35:01] [worker #3] Bootstrap tree #524, logLikelihood: -61200.968570
[01:35:02] [worker #0] Bootstrap tree #521, logLikelihood: -61462.089101
[01:35:05] [worker #34] Bootstrap tree #555, logLikelihood: -61236.267229
[01:35:10] [worker #21] Bootstrap tree #542, logLikelihood: -61071.188224
[01:35:14] [worker #22] Bootstrap tree #543, logLikelihood: -61192.565165
[01:35:16] [worker #31] Bootstrap tree #552, logLikelihood: -61446.623501
[01:35:20] [worker #18] Bootstrap tree #539, logLikelihood: -61788.730640
[01:35:25] [worker #36] Bootstrap tree #557, logLikelihood: -61721.156339
[01:35:34] [worker #29] Bootstrap tree #550, logLikelihood: -60888.419251
[01:35:36] [worker #20] Bootstrap tree #541, logLikelihood: -61367.913041
[01:35:39] [worker #7] Bootstrap tree #528, logLikelihood: -61347.169405
[01:35:44] [worker #28] Bootstrap tree #549, logLikelihood: -60979.980314
[01:35:52] [worker #16] Bootstrap tree #537, logLikelihood: -61659.979355
[01:38:36] [worker #32] Bootstrap tree #593, logLikelihood: -61018.410660
[01:38:44] [worker #27] Bootstrap tree #588, logLikelihood: -61425.790354
[01:38:48] [worker #30] Bootstrap tree #591, logLikelihood: -60961.082886
[01:39:01] [worker #13] Bootstrap tree #574, logLikelihood: -61155.490322
[01:39:04] [worker #15] Bootstrap tree #576, logLikelihood: -61449.901382
[01:39:07] [worker #7] Bootstrap tree #568, logLikelihood: -61384.254332
[01:39:08] [worker #14] Bootstrap tree #575, logLikelihood: -60875.102317
[01:39:21] [worker #19] Bootstrap tree #580, logLikelihood: -61264.880640
[01:39:24] [worker #5] Bootstrap tree #566, logLikelihood: -61275.955502
[01:39:25] [worker #3] Bootstrap tree #564, logLikelihood: -61893.546766
[01:39:25] [worker #11] Bootstrap tree #572, logLikelihood: -61530.819205
[01:39:25] [worker #9] Bootstrap tree #570, logLikelihood: -60843.563956
[01:39:27] [worker #25] Bootstrap tree #586, logLikelihood: -61080.869321
[01:39:27] [worker #22] Bootstrap tree #583, logLikelihood: -60977.850417
[01:39:27] [worker #12] Bootstrap tree #573, logLikelihood: -60388.483070
[01:39:35] [worker #38] Bootstrap tree #599, logLikelihood: -61372.454756
[01:39:35] [worker #37] Bootstrap tree #598, logLikelihood: -61953.235542
[01:39:36] [worker #8] Bootstrap tree #569, logLikelihood: -60835.523098
[01:39:39] [worker #29] Bootstrap tree #590, logLikelihood: -61825.068984
[01:39:41] [worker #6] Bootstrap tree #567, logLikelihood: -61284.850438
[01:39:42] [worker #18] Bootstrap tree #579, logLikelihood: -61400.112708
[01:39:44] [worker #24] Bootstrap tree #585, logLikelihood: -61535.405131
[01:39:45] [worker #0] Bootstrap tree #561, logLikelihood: -60545.607101
[01:39:46] [worker #31] Bootstrap tree #592, logLikelihood: -61189.041347
[01:39:48] [worker #23] Bootstrap tree #584, logLikelihood: -61494.432784
[01:39:51] [worker #34] Bootstrap tree #595, logLikelihood: -61199.326730
[01:39:52] [worker #21] Bootstrap tree #582, logLikelihood: -60281.146314
[01:39:53] [worker #39] Bootstrap tree #600, logLikelihood: -60195.720041
[01:39:55] [worker #1] Bootstrap tree #562, logLikelihood: -61192.684072
[01:39:56] [worker #16] Bootstrap tree #577, logLikelihood: -60589.167134
[01:40:01] [worker #28] Bootstrap tree #589, logLikelihood: -61941.267669
[01:40:02] [worker #17] Bootstrap tree #578, logLikelihood: -61602.350880
[01:40:11] [worker #33] Bootstrap tree #594, logLikelihood: -61105.113414
[01:40:14] [worker #26] Bootstrap tree #587, logLikelihood: -61416.214955
[01:40:14] [worker #4] Bootstrap tree #565, logLikelihood: -61520.312511
[01:40:15] [worker #35] Bootstrap tree #596, logLikelihood: -60913.815733
[01:40:16] [worker #36] Bootstrap tree #597, logLikelihood: -61734.515846
[01:40:17] [worker #2] Bootstrap tree #563, logLikelihood: -61411.931802
[01:40:23] [worker #10] Bootstrap tree #571, logLikelihood: -61583.757500
[01:40:25] [worker #20] Bootstrap tree #581, logLikelihood: -61824.605205
[01:41:06] [worker #27] Bootstrap tree #628, logLikelihood: -60940.704982
[01:41:32] [worker #30] Bootstrap tree #631, logLikelihood: -61250.589252
[01:41:45] [worker #5] Bootstrap tree #606, logLikelihood: -60823.056874
[01:41:58] [worker #13] Bootstrap tree #614, logLikelihood: -61367.207643
[01:41:58] [worker #8] Bootstrap tree #609, logLikelihood: -61978.632048
[01:41:59] [worker #15] Bootstrap tree #616, logLikelihood: -61021.310940
[01:42:03] [worker #19] Bootstrap tree #620, logLikelihood: -61705.632256
[01:42:05] [worker #7] Bootstrap tree #608, logLikelihood: -61777.213331
[01:42:11] [worker #24] Bootstrap tree #625, logLikelihood: -61033.274356
[01:42:21] [worker #12] Bootstrap tree #613, logLikelihood: -60795.895743
[01:42:24] [worker #2] Bootstrap tree #603, logLikelihood: -61065.112541
[01:42:30] [worker #9] Bootstrap tree #610, logLikelihood: -60993.998974
[01:42:35] [worker #22] Bootstrap tree #623, logLikelihood: -60732.016547
[01:42:36] [worker #6] Bootstrap tree #607, logLikelihood: -61673.453167
[01:42:38] [worker #29] Bootstrap tree #630, logLikelihood: -60879.648130
[01:42:41] [worker #18] Bootstrap tree #619, logLikelihood: -61117.893785
[01:42:43] [worker #11] Bootstrap tree #612, logLikelihood: -60240.947574
[01:42:46] [worker #33] Bootstrap tree #634, logLikelihood: -61016.677587
[01:42:47] [worker #1] Bootstrap tree #602, logLikelihood: -61046.851616
[01:42:53] [worker #0] Bootstrap tree #601, logLikelihood: -61370.874928
[01:42:53] [worker #26] Bootstrap tree #627, logLikelihood: -60972.666567
[01:42:58] [worker #34] Bootstrap tree #635, logLikelihood: -61088.364456
[01:42:59] [worker #25] Bootstrap tree #626, logLikelihood: -60635.882088
[01:42:59] [worker #32] Bootstrap tree #633, logLikelihood: -60538.305124
[01:43:01] [worker #21] Bootstrap tree #622, logLikelihood: -60977.666799
[01:43:04] [worker #23] Bootstrap tree #624, logLikelihood: -61417.429636
[01:43:05] [worker #3] Bootstrap tree #604, logLikelihood: -60890.775562
[01:43:05] [worker #14] Bootstrap tree #615, logLikelihood: -61253.936172
[01:43:05] [worker #37] Bootstrap tree #638, logLikelihood: -60469.171149
[01:43:06] [worker #31] Bootstrap tree #632, logLikelihood: -60949.807673
[01:43:14] [worker #10] Bootstrap tree #611, logLikelihood: -61029.541312
[01:43:15] [worker #35] Bootstrap tree #636, logLikelihood: -61162.263436
[01:43:16] [worker #38] Bootstrap tree #639, logLikelihood: -60931.827526
[01:43:18] [worker #20] Bootstrap tree #621, logLikelihood: -60987.688075
[01:43:18] [worker #17] Bootstrap tree #618, logLikelihood: -60619.731717
[01:43:19] [worker #4] Bootstrap tree #605, logLikelihood: -61055.207277
[01:43:23] [worker #39] Bootstrap tree #640, logLikelihood: -60240.299644
[01:43:24] [worker #36] Bootstrap tree #637, logLikelihood: -60939.756341
[01:43:31] [worker #28] Bootstrap tree #629, logLikelihood: -61090.701856
[01:43:43] [worker #16] Bootstrap tree #617, logLikelihood: -61100.212008
[01:46:27] [worker #13] Bootstrap tree #654, logLikelihood: -60758.498193
[01:46:31] [worker #27] Bootstrap tree #668, logLikelihood: -61075.318375
[01:46:42] [worker #9] Bootstrap tree #650, logLikelihood: -61840.200067
[01:46:54] [worker #36] Bootstrap tree #677, logLikelihood: -60692.833599
[01:46:55] [worker #22] Bootstrap tree #663, logLikelihood: -60633.769619
[01:47:03] [worker #5] Bootstrap tree #646, logLikelihood: -60320.160162
[01:47:04] [worker #24] Bootstrap tree #665, logLikelihood: -61159.025197
[01:47:05] [worker #30] Bootstrap tree #671, logLikelihood: -61055.656631
[01:47:06] [worker #32] Bootstrap tree #673, logLikelihood: -61239.078923
[01:47:08] [worker #0] Bootstrap tree #641, logLikelihood: -60492.966690
[01:47:10] [worker #18] Bootstrap tree #659, logLikelihood: -60694.728807
[01:47:12] [worker #25] Bootstrap tree #666, logLikelihood: -60439.095720
[01:47:13] [worker #20] Bootstrap tree #661, logLikelihood: -61440.570163
[01:47:16] [worker #19] Bootstrap tree #660, logLikelihood: -61092.095476
[01:47:17] [worker #10] Bootstrap tree #651, logLikelihood: -60389.785401
[01:47:33] [worker #16] Bootstrap tree #657, logLikelihood: -60572.305671
[01:47:34] [worker #1] Bootstrap tree #642, logLikelihood: -60882.873821
[01:47:34] [worker #26] Bootstrap tree #667, logLikelihood: -60535.930974
[01:47:36] [worker #4] Bootstrap tree #645, logLikelihood: -61282.491688
[01:47:39] [worker #31] Bootstrap tree #672, logLikelihood: -60502.788962
[01:47:41] [worker #12] Bootstrap tree #653, logLikelihood: -61644.385049
[01:47:43] [worker #11] Bootstrap tree #652, logLikelihood: -61485.319231
[01:47:43] [worker #2] Bootstrap tree #643, logLikelihood: -61112.045344
[01:47:44] [worker #39] Bootstrap tree #680, logLikelihood: -60893.350504
[01:47:44] [worker #21] Bootstrap tree #662, logLikelihood: -61005.333139
[01:47:50] [worker #14] Bootstrap tree #655, logLikelihood: -61189.985804
[01:47:54] [worker #38] Bootstrap tree #679, logLikelihood: -60645.292052
[01:47:56] [worker #3] Bootstrap tree #644, logLikelihood: -61662.931693
[01:48:00] [worker #33] Bootstrap tree #674, logLikelihood: -61699.553870
[01:48:03] [worker #23] Bootstrap tree #664, logLikelihood: -60593.486170
[01:48:08] [worker #15] Bootstrap tree #656, logLikelihood: -61404.163639
[01:48:10] [worker #29] Bootstrap tree #670, logLikelihood: -61132.928017
[01:48:10] [worker #35] Bootstrap tree #676, logLikelihood: -60586.646413
[01:48:11] [worker #7] Bootstrap tree #648, logLikelihood: -61527.610239
[01:48:14] [worker #28] Bootstrap tree #669, logLikelihood: -61500.322521
[01:48:17] [worker #37] Bootstrap tree #678, logLikelihood: -61053.927334
[01:48:21] [worker #8] Bootstrap tree #649, logLikelihood: -61009.904280
[01:48:23] [worker #17] Bootstrap tree #658, logLikelihood: -60928.329675
[01:48:27] [worker #34] Bootstrap tree #675, logLikelihood: -61289.371936
[01:48:52] [worker #9] Bootstrap tree #690, logLikelihood: -61026.937577
[01:48:53] [worker #6] Bootstrap tree #647, logLikelihood: -61291.566038
[01:49:31] [worker #36] Bootstrap tree #717, logLikelihood: -61048.206651
[01:49:34] [worker #2] Bootstrap tree #683, logLikelihood: -61770.605806
[01:49:37] [worker #27] Bootstrap tree #708, logLikelihood: -61682.659821
[01:49:41] [worker #19] Bootstrap tree #700, logLikelihood: -60825.725188
[01:49:48] [worker #10] Bootstrap tree #691, logLikelihood: -60892.666962
[01:49:49] [worker #30] Bootstrap tree #711, logLikelihood: -60811.108266
[01:50:05] [worker #38] Bootstrap tree #719, logLikelihood: -61792.495737
[01:50:06] [worker #1] Bootstrap tree #682, logLikelihood: -61206.280742
[01:50:07] [worker #29] Bootstrap tree #710, logLikelihood: -61039.210962
[01:50:26] [worker #32] Bootstrap tree #713, logLikelihood: -60692.343202
[01:50:27] [worker #13] Bootstrap tree #694, logLikelihood: -61041.101500
[01:50:35] [worker #24] Bootstrap tree #705, logLikelihood: -60613.902727
[01:50:40] [worker #0] Bootstrap tree #681, logLikelihood: -60672.524097
[01:50:44] [worker #11] Bootstrap tree #692, logLikelihood: -61447.250098
[01:50:47] [worker #5] Bootstrap tree #686, logLikelihood: -61359.515202
[01:50:48] [worker #25] Bootstrap tree #706, logLikelihood: -62214.852234
[01:50:49] [worker #35] Bootstrap tree #716, logLikelihood: -60468.810626
[01:50:49] [worker #31] Bootstrap tree #712, logLikelihood: -61667.080528
[01:50:50] [worker #12] Bootstrap tree #693, logLikelihood: -60869.108285
[01:50:52] [worker #18] Bootstrap tree #699, logLikelihood: -61308.589683
[01:50:55] [worker #3] Bootstrap tree #684, logLikelihood: -61521.861898
[01:51:02] [worker #16] Bootstrap tree #697, logLikelihood: -61243.958963
[01:51:03] [worker #22] Bootstrap tree #703, logLikelihood: -61037.391893
[01:51:09] [worker #37] Bootstrap tree #718, logLikelihood: -60715.959167
[01:51:11] [worker #33] Bootstrap tree #714, logLikelihood: -60932.117957
[01:51:12] [worker #20] Bootstrap tree #701, logLikelihood: -61601.971137
[01:51:12] [worker #4] Bootstrap tree #685, logLikelihood: -61191.894229
[01:51:14] [worker #39] Bootstrap tree #720, logLikelihood: -61327.408221
[01:51:16] [worker #23] Bootstrap tree #704, logLikelihood: -60680.158926
[01:51:17] [worker #7] Bootstrap tree #688, logLikelihood: -61710.662919
[01:51:21] [worker #15] Bootstrap tree #696, logLikelihood: -61465.564547
[01:51:22] [worker #34] Bootstrap tree #715, logLikelihood: -61028.129433
[01:51:24] [worker #14] Bootstrap tree #695, logLikelihood: -61192.817871
[01:51:39] [worker #21] Bootstrap tree #702, logLikelihood: -61631.162572
[01:51:46] [worker #8] Bootstrap tree #689, logLikelihood: -61223.225211
[01:51:56] [worker #26] Bootstrap tree #707, logLikelihood: -61181.250112
[01:51:57] [worker #6] Bootstrap tree #687, logLikelihood: -60902.980929
[01:52:00] [worker #17] Bootstrap tree #698, logLikelihood: -61093.298267
[01:52:07] [worker #28] Bootstrap tree #709, logLikelihood: -62314.841502
[01:54:51] [worker #9] Bootstrap tree #730, logLikelihood: -60981.512113
[01:54:56] [worker #18] Bootstrap tree #739, logLikelihood: -60561.102512
[01:54:56] [worker #1] Bootstrap tree #722, logLikelihood: -61143.595921
[01:54:58] [worker #29] Bootstrap tree #750, logLikelihood: -61464.015516
[01:55:00] [worker #3] Bootstrap tree #724, logLikelihood: -61362.102122
[01:55:09] [worker #24] Bootstrap tree #745, logLikelihood: -61228.210264
[01:55:29] [worker #11] Bootstrap tree #732, logLikelihood: -60615.789864
[01:55:30] [worker #30] Bootstrap tree #751, logLikelihood: -61428.234826
[01:55:30] [worker #35] Bootstrap tree #756, logLikelihood: -60922.751835
[01:55:33] [worker #15] Bootstrap tree #736, logLikelihood: -61166.984167
[01:55:40] [worker #6] Bootstrap tree #727, logLikelihood: -61330.636369
[01:55:42] [worker #25] Bootstrap tree #746, logLikelihood: -61091.654752
[01:55:43] [worker #23] Bootstrap tree #744, logLikelihood: -61297.632824
[01:55:47] [worker #0] Bootstrap tree #721, logLikelihood: -60747.921978
[01:55:49] [worker #34] Bootstrap tree #755, logLikelihood: -60830.904098
[01:55:59] [worker #8] Bootstrap tree #729, logLikelihood: -61601.907757
[01:55:59] [worker #38] Bootstrap tree #759, logLikelihood: -60378.829986
[01:56:00] [worker #10] Bootstrap tree #731, logLikelihood: -60793.291528
[01:56:02] [worker #28] Bootstrap tree #749, logLikelihood: -61539.268369
[01:56:07] [worker #4] Bootstrap tree #725, logLikelihood: -61035.106285
[01:56:10] [worker #16] Bootstrap tree #737, logLikelihood: -61098.885529
[01:56:12] [worker #36] Bootstrap tree #757, logLikelihood: -60778.107061
[01:56:13] [worker #26] Bootstrap tree #747, logLikelihood: -61349.257186
[01:56:14] [worker #39] Bootstrap tree #760, logLikelihood: -61672.786266
[01:56:15] [worker #17] Bootstrap tree #738, logLikelihood: -60589.490434
[01:56:15] [worker #37] Bootstrap tree #758, logLikelihood: -61756.562227
[01:56:16] [worker #19] Bootstrap tree #740, logLikelihood: -61487.693412
[01:56:21] [worker #22] Bootstrap tree #743, logLikelihood: -60586.048923
[01:56:22] [worker #20] Bootstrap tree #741, logLikelihood: -61001.132047
[01:56:22] [worker #32] Bootstrap tree #753, logLikelihood: -60899.198646
[01:56:22] [worker #21] Bootstrap tree #742, logLikelihood: -62045.243221
[01:56:36] [worker #7] Bootstrap tree #728, logLikelihood: -60981.319135
[01:56:38] [worker #5] Bootstrap tree #726, logLikelihood: -61312.476675
[01:56:41] [worker #18] Bootstrap tree #779, logLikelihood: -61881.028540
[01:56:51] [worker #33] Bootstrap tree #754, logLikelihood: -60827.515800
[01:56:51] [worker #12] Bootstrap tree #733, logLikelihood: -61407.649184
[01:56:51] [worker #29] Bootstrap tree #790, logLikelihood: -61134.352564
[01:56:56] [worker #31] Bootstrap tree #752, logLikelihood: -61233.321908
[01:56:59] [worker #2] Bootstrap tree #723, logLikelihood: -60896.698357
[01:57:08] [worker #1] Bootstrap tree #762, logLikelihood: -61317.221644
[01:57:18] [worker #30] Bootstrap tree #791, logLikelihood: -61539.418794
[01:57:22] [worker #27] Bootstrap tree #748, logLikelihood: -61057.174920
[01:57:25] [worker #13] Bootstrap tree #734, logLikelihood: -62014.965121
[01:57:31] [worker #14] Bootstrap tree #735, logLikelihood: -61151.611193
[01:57:56] [worker #9] Bootstrap tree #770, logLikelihood: -61305.341054

RAxML-NG v. 1.2.0 released on 09.05.2023 by The Exelixis Lab.
Developed by: Alexey M. Kozlov and Alexandros Stamatakis.
Contributors: Diego Darriba, Tomas Flouri, Benoit Morel, Sarah Lutteropp, Ben Bettisworth, Julia Haag, Anastasis Togkousidis.
Latest version: https://github.com/amkozlov/raxml-ng
Questions/problems/suggestions? Please visit: https://groups.google.com/forum/#!forum/raxml

System: Intel(R) Xeon(R) Gold 5220R CPU @ 2.20GHz, 24 cores, 250 GB RAM

RAxML-NG was called at 12-Jun-2023 14:08:40 as follows:

raxml-ng --msa RaT13G_allclades_n220.fasta --model GTR+I+G4 --all --bs-trees 1000 --tree rand{100},pars{100} --outgroup MN996532.2

Analysis options:
  run mode: ML tree search + bootstrapping (Felsenstein Bootstrap)
  start tree(s): random (100) + parsimony (100)
  bootstrap replicates: parsimony (1000)
  outgroup taxa: MN996532.2
  random seed: 1686575320
  tip-inner: OFF
  pattern compression: ON
  per-rate scalers: OFF
  site repeats: ON
  logLH epsilon: general: 10.000000, brlen-triplet: 1000.000000
  fast spr radius: AUTO
  spr subtree cutoff: 1.000000
  fast CLV updates: ON
  branch lengths: proportional (ML estimate, algorithm: NR-FAST)
  SIMD kernels: AVX2
  parallelization: coarse-grained (auto), PTHREADS (auto)

WARNING: The model you specified on the command line (GTR+I+G4) will be ignored 
         since the binary MSA file already contains a model definition.
         If you want to change the model, please re-run RAxML-NG 
         with the original PHYLIP/FASTA alignment and --redo option.

[00:00:00] Loading binary alignment from file: RaT13G_allclades_n220.fasta.raxml.rba
[00:00:00] Alignment comprises 222 taxa, 1 partitions and 1753 patterns

Partition 0: noname
Model: GTR+FO+I+G4m
Alignment sites / patterns: 29891 / 1753
Gaps: 0.44 %
Invariant sites: 92.31 %


Parallelization scheme autoconfig: 24 worker(s) x 1 thread(s)

Parallel reduction/worker buffer size: 1 KB  / 0 KB

[00:00:00] NOTE: Resuming execution from checkpoint (logLH: -61222.68, ML trees: 200, bootstraps: 764)
[00:00:00] Data distribution: max. partitions/sites/weight per thread: 1 / 1753 / 28048
[00:00:00] Data distribution: max. searches per worker: 10

[00:00:00] Continuing bootstrapping analysis with 1000 replicates.

[00:00:00] [worker #0] Bootstrap tree #761, logLikelihood: -61381.048386
[00:00:00] [worker #15] Bootstrap tree #776, logLikelihood: -62389.933233
[00:00:00] [worker #23] Bootstrap tree #784, logLikelihood: -62127.960248
[00:00:00] [worker #11] Bootstrap tree #772, logLikelihood: -62143.109160
[00:00:00] [worker #3] Bootstrap tree #764, logLikelihood: -61833.168167
[00:00:00] [worker #9] Bootstrap tree #770, logLikelihood: -62420.518077
[00:00:00] [worker #20] Bootstrap tree #781, logLikelihood: -61475.239093
[00:01:27] [worker #3] Bootstrap tree #788, logLikelihood: -61150.831632
[00:01:30] [worker #18] Bootstrap tree #805, logLikelihood: -60829.557981
[00:01:30] [worker #13] Bootstrap tree #774, logLikelihood: -61130.802706
[00:01:31] [worker #14] Bootstrap tree #775, logLikelihood: -61771.659948
[00:01:35] [worker #0] Bootstrap tree #785, logLikelihood: -61058.635504
[00:01:40] [worker #12] Bootstrap tree #773, logLikelihood: -61321.781707
[00:01:42] [worker #6] Bootstrap tree #767, logLikelihood: -61702.258033
[00:01:44] [worker #11] Bootstrap tree #798, logLikelihood: -60518.445686
[00:01:46] [worker #1] Bootstrap tree #786, logLikelihood: -61080.766770
[00:01:49] [worker #21] Bootstrap tree #782, logLikelihood: -61569.162961
[00:01:54] [worker #8] Bootstrap tree #769, logLikelihood: -61261.563799
[00:01:57] [worker #4] Bootstrap tree #765, logLikelihood: -61653.219870
[00:01:58] [worker #17] Bootstrap tree #778, logLikelihood: -61226.004989
[00:02:00] [worker #2] Bootstrap tree #763, logLikelihood: -61485.635873
[00:02:03] [worker #7] Bootstrap tree #768, logLikelihood: -60713.535935
[00:02:04] [worker #9] Bootstrap tree #796, logLikelihood: -60769.335530
[00:02:06] [worker #19] Bootstrap tree #780, logLikelihood: -61397.839916
[00:02:18] [worker #22] Bootstrap tree #783, logLikelihood: -60976.347830
[00:02:29] [worker #16] Bootstrap tree #777, logLikelihood: -61393.589807
[00:02:32] [worker #5] Bootstrap tree #766, logLikelihood: -61508.554634
[00:02:33] [worker #10] Bootstrap tree #771, logLikelihood: -61407.815699
[00:02:53] [worker #13] Bootstrap tree #800, logLikelihood: -60464.216248
[00:03:08] [worker #12] Bootstrap tree #799, logLikelihood: -61215.429434
[00:03:16] [worker #6] Bootstrap tree #793, logLikelihood: -61553.725248
[00:03:27] [worker #8] Bootstrap tree #795, logLikelihood: -60637.625784
[00:03:41] [worker #2] Bootstrap tree #787, logLikelihood: -61361.733494
[00:03:43] [worker #4] Bootstrap tree #789, logLikelihood: -60867.261542
[00:03:44] [worker #7] Bootstrap tree #794, logLikelihood: -61746.002595
[00:03:54] [worker #5] Bootstrap tree #792, logLikelihood: -61000.081042
[00:04:02] [worker #10] Bootstrap tree #797, logLikelihood: -61527.585805
[00:05:44] [worker #23] Bootstrap tree #810, logLikelihood: -60352.222999
[00:05:51] [worker #5] Bootstrap tree #816, logLikelihood: -61108.954927
[00:05:52] [worker #0] Bootstrap tree #811, logLikelihood: -61638.713185
[00:05:54] [worker #7] Bootstrap tree #818, logLikelihood: -61309.408065
[00:05:54] [worker #22] Bootstrap tree #809, logLikelihood: -60805.670239
[00:05:54] [worker #14] Bootstrap tree #801, logLikelihood: -61464.010614
[00:05:56] [worker #4] Bootstrap tree #815, logLikelihood: -60282.636234
[00:05:58] [worker #20] Bootstrap tree #807, logLikelihood: -60560.461992
[00:05:58] [worker #21] Bootstrap tree #808, logLikelihood: -61009.460531
[00:05:59] [worker #1] Bootstrap tree #812, logLikelihood: -61198.815858
[00:06:00] [worker #16] Bootstrap tree #803, logLikelihood: -60630.991726
[00:06:01] [worker #15] Bootstrap tree #802, logLikelihood: -60795.992467
[00:06:01] [worker #8] Bootstrap tree #819, logLikelihood: -61607.740246
[00:06:03] [worker #9] Bootstrap tree #820, logLikelihood: -61026.963659
[00:06:03] [worker #6] Bootstrap tree #817, logLikelihood: -61720.530685
[00:06:05] [worker #13] Bootstrap tree #824, logLikelihood: -62180.461647
[00:06:05] [worker #19] Bootstrap tree #806, logLikelihood: -61093.565083
[00:06:05] [worker #2] Bootstrap tree #813, logLikelihood: -61069.777134
[00:06:06] [worker #3] Bootstrap tree #814, logLikelihood: -60947.849648
[00:06:15] [worker #11] Bootstrap tree #822, logLikelihood: -61180.392961
[00:06:15] [worker #10] Bootstrap tree #821, logLikelihood: -60663.382904
[00:06:15] [worker #17] Bootstrap tree #804, logLikelihood: -61403.109007
[00:06:20] [worker #18] Bootstrap tree #829, logLikelihood: -61508.638242
[00:06:20] [worker #12] Bootstrap tree #823, logLikelihood: -61779.086431
[00:07:21] [worker #23] Bootstrap tree #834, logLikelihood: -60325.356304
[00:07:33] [worker #13] Bootstrap tree #848, logLikelihood: -60850.572566
[00:07:42] [worker #21] Bootstrap tree #832, logLikelihood: -60918.717810
[00:07:44] [worker #0] Bootstrap tree #835, logLikelihood: -61681.146573
[00:07:45] [worker #3] Bootstrap tree #838, logLikelihood: -62357.225206
[00:07:46] [worker #4] Bootstrap tree #839, logLikelihood: -61531.839528
[00:07:48] [worker #7] Bootstrap tree #842, logLikelihood: -61160.220260
[00:07:51] [worker #19] Bootstrap tree #830, logLikelihood: -59605.582494
[00:07:56] [worker #9] Bootstrap tree #844, logLikelihood: -61065.984360
[00:07:56] [worker #10] Bootstrap tree #845, logLikelihood: -60594.519808
[00:07:57] [worker #5] Bootstrap tree #840, logLikelihood: -61196.824363
[00:07:57] [worker #17] Bootstrap tree #828, logLikelihood: -61621.278865
[00:07:59] [worker #1] Bootstrap tree #836, logLikelihood: -60727.594881
[00:07:59] [worker #20] Bootstrap tree #831, logLikelihood: -61627.896458
[00:08:01] [worker #6] Bootstrap tree #841, logLikelihood: -61201.462882
[00:08:01] [worker #8] Bootstrap tree #843, logLikelihood: -60914.910821
[00:08:04] [worker #14] Bootstrap tree #825, logLikelihood: -61245.370046
[00:08:05] [worker #15] Bootstrap tree #826, logLikelihood: -59777.812565
[00:08:09] [worker #2] Bootstrap tree #837, logLikelihood: -61371.553195
[00:08:16] [worker #11] Bootstrap tree #846, logLikelihood: -61326.029757
[00:08:21] [worker #22] Bootstrap tree #833, logLikelihood: -61458.812238
[00:08:25] [worker #12] Bootstrap tree #847, logLikelihood: -60899.254906
[00:08:52] [worker #16] Bootstrap tree #827, logLikelihood: -61072.859446
[00:09:25] [worker #14] Bootstrap tree #849, logLikelihood: -61293.531870
[00:09:33] [worker #15] Bootstrap tree #850, logLikelihood: -61025.028169
[00:11:05] [worker #3] Bootstrap tree #862, logLikelihood: -60813.778822
[00:11:06] [worker #12] Bootstrap tree #871, logLikelihood: -61368.868917
[00:11:12] [worker #6] Bootstrap tree #865, logLikelihood: -60677.583707
[00:11:14] [worker #9] Bootstrap tree #868, logLikelihood: -60961.232841
[00:11:14] [worker #8] Bootstrap tree #867, logLikelihood: -61478.127331
[00:11:20] [worker #4] Bootstrap tree #863, logLikelihood: -60943.370322
[00:11:21] [worker #10] Bootstrap tree #869, logLikelihood: -61332.760856
[00:11:24] [worker #22] Bootstrap tree #857, logLikelihood: -61673.261394
[00:11:25] [worker #15] Bootstrap tree #874, logLikelihood: -61024.425843
[00:11:25] [worker #19] Bootstrap tree #854, logLikelihood: -60694.629056
[00:11:26] [worker #0] Bootstrap tree #859, logLikelihood: -60736.062402
[00:11:29] [worker #7] Bootstrap tree #866, logLikelihood: -60952.682007
[00:11:30] [worker #18] Bootstrap tree #853, logLikelihood: -61251.763857
[00:11:33] [worker #16] Bootstrap tree #851, logLikelihood: -60729.599899
[00:11:33] [worker #5] Bootstrap tree #864, logLikelihood: -60900.065285
[00:11:33] [worker #23] Bootstrap tree #858, logLikelihood: -61232.434594
[00:11:35] [worker #13] Bootstrap tree #872, logLikelihood: -61184.052851
[00:11:37] [worker #11] Bootstrap tree #870, logLikelihood: -61080.334705
[00:11:40] [worker #2] Bootstrap tree #861, logLikelihood: -60810.259225
[00:11:41] [worker #21] Bootstrap tree #856, logLikelihood: -61049.167537
[00:11:44] [worker #20] Bootstrap tree #855, logLikelihood: -61742.221380
[00:11:46] [worker #14] Bootstrap tree #873, logLikelihood: -61390.163928
[00:11:50] [worker #17] Bootstrap tree #852, logLikelihood: -61068.668792
[00:11:53] [worker #1] Bootstrap tree #860, logLikelihood: -61801.570675
[00:12:47] [worker #8] Bootstrap tree #891, logLikelihood: -61750.642062
[00:12:50] [worker #3] Bootstrap tree #886, logLikelihood: -61214.308293
[00:12:58] [worker #15] Bootstrap tree #898, logLikelihood: -60953.048432
[00:12:58] [worker #11] Bootstrap tree #894, logLikelihood: -60793.664734
[00:13:04] [worker #19] Bootstrap tree #878, logLikelihood: -61944.413850
[00:13:06] [worker #6] Bootstrap tree #889, logLikelihood: -60877.736222
[00:13:06] [worker #18] Bootstrap tree #877, logLikelihood: -61589.522615
[00:13:08] [worker #9] Bootstrap tree #892, logLikelihood: -61314.586726
[00:13:08] [worker #4] Bootstrap tree #887, logLikelihood: -60953.701234
[00:13:10] [worker #16] Bootstrap tree #875, logLikelihood: -60606.454085
[00:13:15] [worker #5] Bootstrap tree #888, logLikelihood: -61249.081628
[00:13:16] [worker #13] Bootstrap tree #896, logLikelihood: -61594.832279
[00:13:19] [worker #0] Bootstrap tree #883, logLikelihood: -61783.794317
[00:13:20] [worker #14] Bootstrap tree #897, logLikelihood: -61172.191997
[00:13:24] [worker #7] Bootstrap tree #890, logLikelihood: -61716.860409
[00:13:24] [worker #20] Bootstrap tree #879, logLikelihood: -61592.032261
[00:13:30] [worker #12] Bootstrap tree #895, logLikelihood: -61914.489650
[00:13:31] [worker #10] Bootstrap tree #893, logLikelihood: -61186.621666
[00:13:32] [worker #21] Bootstrap tree #880, logLikelihood: -60938.454720
[00:13:39] [worker #2] Bootstrap tree #885, logLikelihood: -62467.273797
[00:13:40] [worker #23] Bootstrap tree #882, logLikelihood: -61172.988101
[00:13:40] [worker #17] Bootstrap tree #876, logLikelihood: -61426.866106
[00:13:46] [worker #1] Bootstrap tree #884, logLikelihood: -60936.369516
[00:14:45] [worker #16] Bootstrap tree #899, logLikelihood: -60727.932572
[00:14:52] [worker #17] Bootstrap tree #900, logLikelihood: -60729.988001
[00:15:14] [worker #22] Bootstrap tree #881, logLikelihood: -61826.397875
[00:16:54] [worker #11] Bootstrap tree #918, logLikelihood: -61389.004010
[00:16:54] [worker #6] Bootstrap tree #913, logLikelihood: -61378.332519
[00:16:57] [worker #17] Bootstrap tree #924, logLikelihood: -61951.711290
[00:16:59] [worker #9] Bootstrap tree #916, logLikelihood: -61988.408875
[00:17:02] [worker #3] Bootstrap tree #910, logLikelihood: -60507.305603
[00:17:03] [worker #0] Bootstrap tree #907, logLikelihood: -60139.191938
[00:17:03] [worker #10] Bootstrap tree #917, logLikelihood: -60953.158553
[00:17:03] [worker #16] Bootstrap tree #923, logLikelihood: -61535.117542
[00:17:05] [worker #12] Bootstrap tree #919, logLikelihood: -61711.234434
[00:17:06] [worker #7] Bootstrap tree #914, logLikelihood: -60887.250098
[00:17:06] [worker #8] Bootstrap tree #915, logLikelihood: -60449.016495
[00:17:07] [worker #14] Bootstrap tree #921, logLikelihood: -61960.661994
[00:17:08] [worker #18] Bootstrap tree #901, logLikelihood: -60607.208791
[00:17:08] [worker #21] Bootstrap tree #904, logLikelihood: -60972.893549
[00:17:09] [worker #19] Bootstrap tree #902, logLikelihood: -60991.803665
[00:17:12] [worker #2] Bootstrap tree #909, logLikelihood: -60936.909108
[00:17:16] [worker #15] Bootstrap tree #922, logLikelihood: -61620.451811
[00:17:20] [worker #23] Bootstrap tree #906, logLikelihood: -60986.283795
[00:17:23] [worker #5] Bootstrap tree #912, logLikelihood: -61221.362844
[00:17:23] [worker #20] Bootstrap tree #903, logLikelihood: -61170.686797
[00:17:25] [worker #4] Bootstrap tree #911, logLikelihood: -61165.183497
[00:17:29] [worker #1] Bootstrap tree #908, logLikelihood: -60590.303020
[00:17:30] [worker #22] Bootstrap tree #905, logLikelihood: -60961.330905
[00:17:38] [worker #13] Bootstrap tree #920, logLikelihood: -61132.217568
[00:18:28] [worker #17] Bootstrap tree #948, logLikelihood: -60561.981355
[00:18:30] [worker #11] Bootstrap tree #942, logLikelihood: -61439.341788
[00:18:33] [worker #18] Bootstrap tree #925, logLikelihood: -61445.556252
[00:18:41] [worker #0] Bootstrap tree #931, logLikelihood: -61431.305491
[00:18:42] [worker #6] Bootstrap tree #937, logLikelihood: -61370.581515
[00:18:42] [worker #16] Bootstrap tree #947, logLikelihood: -61559.851661
[00:18:50] [worker #12] Bootstrap tree #943, logLikelihood: -60972.901753
[00:18:53] [worker #3] Bootstrap tree #934, logLikelihood: -60977.850057
[00:18:54] [worker #8] Bootstrap tree #939, logLikelihood: -61465.716186
[00:19:04] [worker #2] Bootstrap tree #933, logLikelihood: -61045.743370
[00:19:04] [worker #7] Bootstrap tree #938, logLikelihood: -61555.328359
[00:19:05] [worker #1] Bootstrap tree #932, logLikelihood: -61154.533439
[00:19:07] [worker #19] Bootstrap tree #926, logLikelihood: -61036.064818
[00:19:07] [worker #9] Bootstrap tree #940, logLikelihood: -60622.742196
[00:19:08] [worker #10] Bootstrap tree #941, logLikelihood: -61572.829562
[00:19:11] [worker #20] Bootstrap tree #927, logLikelihood: -59629.463698
[00:19:12] [worker #23] Bootstrap tree #930, logLikelihood: -61838.041820
[00:19:15] [worker #4] Bootstrap tree #935, logLikelihood: -61308.373257
[00:19:16] [worker #22] Bootstrap tree #929, logLikelihood: -61210.743603
[00:19:16] [worker #13] Bootstrap tree #944, logLikelihood: -60734.097399
[00:19:18] [worker #14] Bootstrap tree #945, logLikelihood: -60481.277911
[00:19:19] [worker #21] Bootstrap tree #928, logLikelihood: -61385.146263
[00:19:34] [worker #5] Bootstrap tree #936, logLikelihood: -60864.052912
[00:19:35] [worker #15] Bootstrap tree #946, logLikelihood: -61789.680792
[00:20:06] [worker #18] Bootstrap tree #949, logLikelihood: -60496.372494
[00:20:33] [worker #19] Bootstrap tree #950, logLikelihood: -61575.473740
[00:22:13] [worker #19] Bootstrap tree #974, logLikelihood: -60823.932474
[00:22:20] [worker #15] Bootstrap tree #970, logLikelihood: -60525.041418
[00:22:20] [worker #2] Bootstrap tree #957, logLikelihood: -61538.982970
[00:22:21] [worker #6] Bootstrap tree #961, logLikelihood: -60960.241912
[00:22:23] [worker #1] Bootstrap tree #956, logLikelihood: -61863.349059
[00:22:23] [worker #11] Bootstrap tree #966, logLikelihood: -60985.085022
[00:22:23] [worker #18] Bootstrap tree #973, logLikelihood: -61757.783597
[00:22:23] [worker #14] Bootstrap tree #969, logLikelihood: -61512.478116
[00:22:24] [worker #9] Bootstrap tree #964, logLikelihood: -60606.088589
[00:22:24] [worker #16] Bootstrap tree #971, logLikelihood: -60760.134092
[00:22:25] [worker #5] Bootstrap tree #960, logLikelihood: -60569.160952
[00:22:25] [worker #8] Bootstrap tree #963, logLikelihood: -61658.765697
[00:22:27] [worker #21] Bootstrap tree #952, logLikelihood: -60446.074480
[00:22:28] [worker #20] Bootstrap tree #951, logLikelihood: -61254.630026
[00:22:29] [worker #13] Bootstrap tree #968, logLikelihood: -61528.043515
[00:22:30] [worker #10] Bootstrap tree #965, logLikelihood: -60823.882201
[00:22:30] [worker #7] Bootstrap tree #962, logLikelihood: -61436.139470
[00:22:33] [worker #23] Bootstrap tree #954, logLikelihood: -61903.583346
[00:22:33] [worker #4] Bootstrap tree #959, logLikelihood: -61142.805095
[00:22:35] [worker #0] Bootstrap tree #955, logLikelihood: -61140.422726
[00:22:35] [worker #22] Bootstrap tree #953, logLikelihood: -61697.883649
[00:22:35] [worker #12] Bootstrap tree #967, logLikelihood: -61190.781174
[00:22:37] [worker #3] Bootstrap tree #958, logLikelihood: -60428.468919
[00:22:45] [worker #17] Bootstrap tree #972, logLikelihood: -61071.620914
[00:23:47] [worker #19] Bootstrap tree #998, logLikelihood: -60268.445320
[00:23:56] [worker #6] Bootstrap tree #985, logLikelihood: -60899.197090
[00:24:00] [worker #10] Bootstrap tree #989, logLikelihood: -61072.150575
[00:24:02] [worker #9] Bootstrap tree #988, logLikelihood: -61684.467141
[00:24:02] [worker #22] Bootstrap tree #977, logLikelihood: -60936.247883
[00:24:06] [worker #11] Bootstrap tree #990, logLikelihood: -61704.463245
[00:24:06] [worker #23] Bootstrap tree #978, logLikelihood: -60682.758542
[00:24:09] [worker #15] Bootstrap tree #994, logLikelihood: -61426.751522
[00:24:12] [worker #0] Bootstrap tree #979, logLikelihood: -61354.753449
[00:24:13] [worker #1] Bootstrap tree #980, logLikelihood: -62215.322190
[00:24:15] [worker #16] Bootstrap tree #995, logLikelihood: -60688.203037
[00:24:22] [worker #3] Bootstrap tree #982, logLikelihood: -62149.400289
[00:24:25] [worker #21] Bootstrap tree #976, logLikelihood: -61522.690715
[00:24:25] [worker #5] Bootstrap tree #984, logLikelihood: -60226.786912
[00:24:26] [worker #4] Bootstrap tree #983, logLikelihood: -60424.429763
[00:24:29] [worker #13] Bootstrap tree #992, logLikelihood: -61365.401435
[00:24:30] [worker #17] Bootstrap tree #996, logLikelihood: -61526.116782
[00:24:31] [worker #8] Bootstrap tree #987, logLikelihood: -60616.849649
[00:24:32] [worker #14] Bootstrap tree #993, logLikelihood: -61504.101881
[00:24:34] [worker #18] Bootstrap tree #997, logLikelihood: -62057.295868
[00:24:35] [worker #2] Bootstrap tree #981, logLikelihood: -61391.773700
[00:24:38] [worker #20] Bootstrap tree #975, logLikelihood: -60595.262449
[00:24:49] [worker #7] Bootstrap tree #986, logLikelihood: -61045.850550
[00:24:54] [worker #12] Bootstrap tree #991, logLikelihood: -60790.849608
[00:25:51] [worker #21] Bootstrap tree #1000, logLikelihood: -61617.814723
[00:26:09] [worker #20] Bootstrap tree #999, logLikelihood: -61314.219986

Optimized model parameters:

   Partition 0: noname
   Rate heterogeneity: GAMMA (4 cats, mean),  alpha: 1.228223 (ML),  weights&rates: (0.250000,0.180130) (0.250000,0.536036) (0.250000,1.029488) (0.250000,2.254346) 
   P-inv (ML): 0.597216
   Base frequencies (ML): 0.298937 0.178226 0.192812 0.330025 
   Substitution rates (ML): 0.378209 1.749228 0.318549 0.244478 5.235424 1.000000 


Final LogLikelihood: -61374.546746

AIC score: 123651.093492 / AICc score: 123664.942604 / BIC score: 127396.789524
Free parameters (model + branch lengths): 451

WARNING: Best ML tree contains 110 near-zero branches!

Best ML tree with collapsed near-zero branches saved to: /home/user/Downloads/Nora/RaT13G_allclades_n220.fasta.raxml.bestTreeCollapsed
Best ML tree saved to: /home/user/Downloads/Nora/RaT13G_allclades_n220.fasta.raxml.bestTree
All ML trees saved to: /home/user/Downloads/Nora/RaT13G_allclades_n220.fasta.raxml.mlTrees
Best ML tree with Felsenstein bootstrap (FBP) support values saved to: /home/user/Downloads/Nora/RaT13G_allclades_n220.fasta.raxml.support
Optimized model saved to: /home/user/Downloads/Nora/RaT13G_allclades_n220.fasta.raxml.bestModel
Bootstrap trees saved to: /home/user/Downloads/Nora/RaT13G_allclades_n220.fasta.raxml.bootstraps

Execution log saved to: /home/user/Downloads/Nora/RaT13G_allclades_n220.fasta.raxml.log

Analysis started: 12-Jun-2023 14:08:40 / finished: 12-Jun-2023 14:34:50

Elapsed time: 1570.435 seconds (this run) / 8683.448 seconds (total with restarts)

