
RAxML-NG v. 1.2.0 released on 09.05.2023 by The Exelixis Lab.
Developed by: Alexey M. Kozlov and Alexandros Stamatakis.
Contributors: Diego Darriba, Tomas Flouri, Benoit Morel, Sarah Lutteropp, Ben Bettisworth, Julia Haag, Anastasis Togkousidis.
Latest version: https://github.com/amkozlov/raxml-ng
Questions/problems/suggestions? Please visit: https://groups.google.com/forum/#!forum/raxml

System: Intel(R) Xeon(R) Gold 5220R CPU @ 2.20GHz, 24 cores, 250 GB RAM

RAxML-NG was called at 12-Jun-2023 15:09:20 as follows:

raxml-ng --msa RaT13G_allclades_n220.fasta --model GTR+I+G4 --ancestral --tree raxml-ng/RaT13G_allclades_n220.fasta.raxml.bestTree --prefix ASR --threads 40

Analysis options:
  run mode: Ancestral state reconstruction
  start tree(s): user
  random seed: 1686578960
  tip-inner: ON
  pattern compression: OFF
  per-rate scalers: OFF
  site repeats: OFF
  logLH epsilon: general: 10.000000, brlen-triplet: 1000.000000
  branch lengths: proportional (ML estimate, algorithm: NR-FAST)
  SIMD kernels: AVX2
  parallelization: coarse-grained (auto), PTHREADS (40 threads), thread pinning: OFF

[00:00:00] Reading alignment from file: RaT13G_allclades_n220.fasta
[00:00:00] Loaded alignment with 222 taxa and 29891 sites

Alignment comprises 1 partitions and 29891 sites

Partition 0: noname
Model: GTR+FO+I+G4m
Alignment sites: 29891
Gaps: 0.44 %
Invariant sites: 92.31 %


NOTE: Binary MSA file created: ASR.raxml.rba

Parallelization scheme autoconfig: 1 worker(s) x 40 thread(s)

[00:00:00] Loading user starting tree(s) from: raxml-ng/RaT13G_allclades_n220.fasta.raxml.bestTree
Parallel reduction/worker buffer size: 1 KB  / 0 KB

[00:00:00] Data distribution: max. partitions/sites/weight per thread: 1 / 748 / 11968
[00:00:00] Data distribution: max. searches per worker: 1

Starting ML tree search with 1 distinct starting trees

[00:00:00] Tree #1, initial LogLikelihood: -63921.925994

[00:00:00 -63921.925994] Initial branch length optimization
[00:00:01 -63920.185682] Model parameter optimization (eps = 10.000000)

[00:00:31] Tree #1, final logLikelihood: -61375.264956


Optimized model parameters:

   Partition 0: noname
   Rate heterogeneity: GAMMA (4 cats, mean),  alpha: 0.672737 (ML),  weights&rates: (0.250000,0.068377) (0.250000,0.350377) (0.250000,0.914331) (0.250000,2.666915) 
   P-inv (ML): 0.497810
   Base frequencies (ML): 0.298952 0.178223 0.192810 0.330015 
   Substitution rates (ML): 0.378609 1.750379 0.318563 0.244844 5.242817 1.000000 

Marginal ancestral probabilities saved to: /home/user/Downloads/Nora/ASR.raxml.ancestralProbs
Reconstructed ancestral sequences saved to: /home/user/Downloads/Nora/ASR.raxml.ancestralStates
Node-labeled tree saved to: /home/user/Downloads/Nora/ASR.raxml.ancestralTree

Execution log saved to: /home/user/Downloads/Nora/ASR.raxml.log

Analysis started: 12-Jun-2023 15:09:20 / finished: 12-Jun-2023 15:10:09

Elapsed time: 48.834 seconds

